Using pre-set license
Built from '2022.3/release' branch; Version is '2022.3.18f1 (d29bea25151d) revision 13802474'; Using compiler version '192829333'; Build Type 'Release'
OS: 'Windows 11  (10.0.22631) 64bit Core' Language: 'en' Physical Memory: 48991 MB
BatchMode: 1, IsHumanControllingUs: 0, StartBugReporterOnCrash: 0, Is64bit: 1, IsPro: 1

COMMAND LINE ARGUMENTS:
C:\Program Files\Unity\Hub\Editor\2022.3.18f1\Editor\Unity.exe
-adb2
-batchMode
-noUpm
-name
AssetImportWorker4
-projectPath
C:/Users/Chris/Tactical Strike VR
-logFile
Logs/AssetImportWorker4.log
-srvPort
12583
Successfully changed project path to: C:/Users/Chris/Tactical Strike VR
C:/Users/Chris/Tactical Strike VR
[UnityMemory] Configuration Parameters - Can be set up in boot.config
    "memorysetup-bucket-allocator-granularity=16"
    "memorysetup-bucket-allocator-bucket-count=8"
    "memorysetup-bucket-allocator-block-size=33554432"
    "memorysetup-bucket-allocator-block-count=8"
    "memorysetup-main-allocator-block-size=16777216"
    "memorysetup-thread-allocator-block-size=16777216"
    "memorysetup-gfx-main-allocator-block-size=16777216"
    "memorysetup-gfx-thread-allocator-block-size=16777216"
    "memorysetup-cache-allocator-block-size=4194304"
    "memorysetup-typetree-allocator-block-size=2097152"
    "memorysetup-profiler-bucket-allocator-granularity=16"
    "memorysetup-profiler-bucket-allocator-bucket-count=8"
    "memorysetup-profiler-bucket-allocator-block-size=33554432"
    "memorysetup-profiler-bucket-allocator-block-count=8"
    "memorysetup-profiler-allocator-block-size=16777216"
    "memorysetup-profiler-editor-allocator-block-size=1048576"
    "memorysetup-temp-allocator-size-main=16777216"
    "memorysetup-job-temp-allocator-block-size=2097152"
    "memorysetup-job-temp-allocator-block-size-background=1048576"
    "memorysetup-job-temp-allocator-reduction-small-platforms=262144"
    "memorysetup-allocator-temp-initial-block-size-main=262144"
    "memorysetup-allocator-temp-initial-block-size-worker=262144"
    "memorysetup-temp-allocator-size-background-worker=32768"
    "memorysetup-temp-allocator-size-job-worker=262144"
    "memorysetup-temp-allocator-size-preload-manager=33554432"
    "memorysetup-temp-allocator-size-nav-mesh-worker=65536"
    "memorysetup-temp-allocator-size-audio-worker=65536"
    "memorysetup-temp-allocator-size-cloud-worker=32768"
    "memorysetup-temp-allocator-size-gi-baking-worker=262144"
    "memorysetup-temp-allocator-size-gfx=262144"
Player connection [23992] Host "[IP] 192.168.68.70 [Port] 0 [Flags] 2 [Guid] 3636327611 [EditorId] 3636327611 [Version] 1048832 [Id] WindowsEditor(7,Chris) [Debug] 1 [PackageName] WindowsEditor [ProjectName] Editor" joined multi-casting on [225.0.0.222:54997]...

Player connection [23992] Host "[IP] 192.168.68.70 [Port] 0 [Flags] 2 [Guid] 3636327611 [EditorId] 3636327611 [Version] 1048832 [Id] WindowsEditor(7,Chris) [Debug] 1 [PackageName] WindowsEditor [ProjectName] Editor" joined alternative multi-casting on [225.0.0.222:34997]...

[Physics::Module] Initialized MultithreadedJobDispatcher with 23 workers.
Refreshing native plugins compatible for Editor in 19.45 ms, found 12 plugins.
Preloading 1 native plugins for Editor in 0.42 ms.
Initialize engine version: 2022.3.18f1 (d29bea25151d)
[Subsystems] Discovering subsystems at path C:/Program Files/Unity/Hub/Editor/2022.3.18f1/Editor/Data/Resources/UnitySubsystems
[Subsystems] Discovering subsystems at path C:/Users/Chris/Tactical Strike VR/Assets
GfxDevice: creating device client; threaded=0; jobified=0
Direct3D:
    Version:  Direct3D 11.0 [level 11.1]
    Renderer: NVIDIA GeForce RTX 4060 Ti (ID=0x2803)
    Vendor:   NVIDIA
    VRAM:     7949 MB
    Driver:   32.0.15.9174
Initialize mono
Mono path[0] = 'C:/Program Files/Unity/Hub/Editor/2022.3.18f1/Editor/Data/Managed'
Mono path[1] = 'C:/Program Files/Unity/Hub/Editor/2022.3.18f1/Editor/Data/MonoBleedingEdge/lib/mono/unityjit-win32'
Mono config path = 'C:/Program Files/Unity/Hub/Editor/2022.3.18f1/Editor/Data/MonoBleedingEdge/etc'
Using monoOptions --debugger-agent=transport=dt_socket,embedding=1,server=y,suspend=n,address=127.0.0.1:56928
Begin MonoManager ReloadAssembly
Registering precompiled unity dll's ...
Register platform support module: C:/Program Files/Unity/Hub/Editor/2022.3.18f1/Editor/Data/PlaybackEngines/WebGLSupport/UnityEditor.WebGL.Extensions.dll
Register platform support module: C:/Program Files/Unity/Hub/Editor/2022.3.18f1/Editor/Data/PlaybackEngines/AndroidPlayer/UnityEditor.Android.Extensions.dll
Register platform support module: C:/Program Files/Unity/Hub/Editor/2022.3.18f1/Editor/Data/PlaybackEngines/WindowsStandaloneSupport/UnityEditor.WindowsStandalone.Extensions.dll
Registered in 0.006724 seconds.
- Loaded All Assemblies, in  0.221 seconds
Native extension for WindowsStandalone target not found
Native extension for Android target not found
Android Extension - Scanning For ADB Devices 248 ms
Native extension for WebGL target not found
Mono: successfully reloaded assembly
- Finished resetting the current domain, in  0.443 seconds
Domain Reload Profiling: 663ms
	BeginReloadAssembly (66ms)
		ExecutionOrderSort (0ms)
		DisableScriptedObjects (0ms)
		BackupInstance (0ms)
		ReleaseScriptingObjects (0ms)
		CreateAndSetChildDomain (1ms)
	RebuildCommonClasses (20ms)
	RebuildNativeTypeToScriptingClass (6ms)
	initialDomainReloadingComplete (37ms)
	LoadAllAssembliesAndSetupDomain (90ms)
		LoadAssemblies (65ms)
		RebuildTransferFunctionScriptingTraits (0ms)
		AnalyzeDomain (89ms)
			TypeCache.Refresh (88ms)
				TypeCache.ScanAssembly (79ms)
			ScanForSourceGeneratedMonoScriptInfo (0ms)
			ResolveRequiredComponents (0ms)
	FinalizeReload (444ms)
		ReleaseScriptCaches (0ms)
		RebuildScriptCaches (0ms)
		SetupLoadedEditorAssemblies (411ms)
			LogAssemblyErrors (0ms)
			InitializePlatformSupportModulesInManaged (316ms)
			SetLoadedEditorAssemblies (2ms)
			RefreshPlugins (0ms)
			BeforeProcessingInitializeOnLoad (1ms)
			ProcessInitializeOnLoadAttributes (64ms)
			ProcessInitializeOnLoadMethodAttributes (28ms)
			AfterProcessingInitializeOnLoad (0ms)
			EditorAssembliesLoaded (0ms)
		ExecutionOrderSort2 (0ms)
		AwakeInstancesAfterBackupRestoration (0ms)
========================================================================
Worker process is ready to serve import requests
Begin MonoManager ReloadAssembly
- Loaded All Assemblies, in  0.417 seconds
Refreshing native plugins compatible for Editor in 12.10 ms, found 12 plugins.
Native extension for WindowsStandalone target not found
Native extension for Android target not found
Native extension for WebGL target not found
System.Reflection.TargetInvocationException: Exception has been thrown by the target of an invocation. ---> System.NullReferenceException: Object reference not set to an instance of an object
  at Unity.XR.Oculus.OculusLoader.AssetPathToAbsolutePath (System.String assetPath) [0x0003d] in .\Library\PackageCache\com.unity.xr.oculus@4.1.2\Runtime\OculusLoader.cs:287 
  at Unity.XR.Oculus.OculusLoader.EditorLoadOVRPlugin () [0x00084] in .\Library\PackageCache\com.unity.xr.oculus@4.1.2\Runtime\OculusLoader.cs:272 
  at (wrapper managed-to-native) System.Reflection.RuntimeMethodInfo.InternalInvoke(System.Reflection.RuntimeMethodInfo,object,object[],System.Exception&)
  at System.Reflection.RuntimeMethodInfo.Invoke (System.Object obj, System.Reflection.BindingFlags invokeAttr, System.Reflection.Binder binder, System.Object[] parameters, System.Globalization.CultureInfo culture) [0x0006a] in <bfbc89a04b6b4dd49c3614d03fc31ce8>:0 
   --- End of inner exception stack trace ---
  at System.Reflection.RuntimeMethodInfo.Invoke (System.Object obj, System.Reflection.BindingFlags invokeAttr, System.Reflection.Binder binder, System.Object[] parameters, System.Globalization.CultureInfo culture) [0x00083] in <bfbc89a04b6b4dd49c3614d03fc31ce8>:0 
  at System.Reflection.MethodBase.Invoke (System.Object obj, System.Object[] parameters) [0x00000] in <bfbc89a04b6b4dd49c3614d03fc31ce8>:0 
  at UnityEditor.EditorAssemblies.ProcessInitializeOnLoadMethodAttributes () [0x000a5] in <8e887700cd7e4674989da7b046e8eaa6>:0 
UnityEngine.StackTraceUtility:ExtractStackTrace ()
UnityEngine.DebugLogHandler:LogFormat (UnityEngine.LogType,UnityEngine.Object,string,object[])
UnityEngine.Logger:Log (UnityEngine.LogType,object)
UnityEngine.Debug:LogError (object)
UnityEditor.EditorAssemblies:ProcessInitializeOnLoadMethodAttributes ()

Mono: successfully reloaded assembly
Package Manager log level set to [2]
[Package Manager] Server::EnsureServerProcessIsRunning -- launch failed, reason: Unity was launched with the -noUpm command-line argument
[Package Manager] UpmClient::Send -- Unable to send message (not connected to UPM process).
[Package Manager] Cannot connect to Unity Package Manager local server
[Package Manager] Server::EnsureServerProcessIsRunning -- launch failed, reason: Unity was launched with the -noUpm command-line argument
[Package Manager] UpmClient::Send -- Unable to send message (not connected to UPM process).
[Package Manager] Cannot connect to Unity Package Manager local server
- Finished resetting the current domain, in  0.509 seconds
Domain Reload Profiling: 924ms
	BeginReloadAssembly (88ms)
		ExecutionOrderSort (0ms)
		DisableScriptedObjects (3ms)
		BackupInstance (0ms)
		ReleaseScriptingObjects (0ms)
		CreateAndSetChildDomain (14ms)
	RebuildCommonClasses (19ms)
	RebuildNativeTypeToScriptingClass (6ms)
	initialDomainReloadingComplete (26ms)
	LoadAllAssembliesAndSetupDomain (275ms)
		LoadAssemblies (196ms)
		RebuildTransferFunctionScriptingTraits (0ms)
		AnalyzeDomain (131ms)
			TypeCache.Refresh (111ms)
				TypeCache.ScanAssembly (100ms)
			ScanForSourceGeneratedMonoScriptInfo (14ms)
			ResolveRequiredComponents (4ms)
	FinalizeReload (510ms)
		ReleaseScriptCaches (0ms)
		RebuildScriptCaches (0ms)
		SetupLoadedEditorAssemblies (410ms)
			LogAssemblyErrors (0ms)
			InitializePlatformSupportModulesInManaged (16ms)
			SetLoadedEditorAssemblies (2ms)
			RefreshPlugins (0ms)
			BeforeProcessingInitializeOnLoad (40ms)
			ProcessInitializeOnLoadAttributes (312ms)
			ProcessInitializeOnLoadMethodAttributes (35ms)
			AfterProcessingInitializeOnLoad (4ms)
			EditorAssembliesLoaded (0ms)
		ExecutionOrderSort2 (0ms)
		AwakeInstancesAfterBackupRestoration (5ms)
Launched and connected shader compiler UnityShaderCompiler.exe after 0.03 seconds
Refreshing native plugins compatible for Editor in 9.41 ms, found 12 plugins.
Preloading 1 native plugins for Editor in 0.05 ms.
Unloading 4321 Unused Serialized files (Serialized files now loaded: 0)
Unloading 78 unused Assets / (404.6 KB). Loaded Objects now: 4787.
Memory consumption went from 163.4 MB to 163.0 MB.
Total: 2.578800 ms (FindLiveObjects: 0.195200 ms CreateObjectMapping: 0.056000 ms MarkObjects: 2.184800 ms  DeleteObjects: 0.141800 ms)

AssetImportParameters requested are different than current active one (requested -> active):
  custom:container-demuxer-ogg: 62fdf1f143b41e24485cea50d1cbac27 -> 
  custom:video-codec-MediaFoundation-h265: 746d11721c4dcdbdad8f713fa42b33f4 -> 
  custom:video-decoder-ogg-theora: a1e56fd34408186e4bbccfd4996cb3dc -> 
  custom:framework-win-MediaFoundation: 216162199b28c13a410421893ffa2e32 -> 
  custom:CustomObjectIndexerAttribute: 6d391050e5a25f67b0a2c618074f2cd9 -> 
  custom:container-demuxer-webm: 4f35f7cbe854078d1ac9338744f61a02 -> 
  custom:container-muxer-webm: aa71ff27fc2769a1b78a27578f13a17b -> 
  custom:video-decoder-webm-vp8: 9c59270c3fd7afecdb556c50c9e8de78 -> 
  custom:SearchIndexIgnoredProperties: e643bd26f0fe6173181afceb89e7c659 -> 
  custom:AudioImporter_EditorPlatform: d09bf68614088b80899f8185d706f6e7 -> 
  custom:video-encoder-webm-vp8: eb34c28f22e8b96e1ab97ce403110664 -> 
  custom:audio-decoder-ogg-vorbis: bf7c407c2cedff20999df2af8eb42d56 -> 
  custom:audio-encoder-webm-vorbis: bf7c407c2cedff20999df2af8eb42d56 -> 
========================================================================
Received Import Request.
  Time since last request: 637298.478894 seconds.
  path: Assets/UnityTechnologies/TowerDefenseTemplate/Audio
  artifactKey: Guid(0e501aa7ae24848c0aa6406553df867f) Importer(815301076,1909f56bfc062723c751e8b465ee728b)
Start importing Assets/UnityTechnologies/TowerDefenseTemplate/Audio using Guid(0e501aa7ae24848c0aa6406553df867f) Importer(815301076,1909f56bfc062723c751e8b465ee728b)  -> (artifact id: '773d5907d6da26490bc28cabff04b41c') in 0.001970 seconds
Number of updated asset objects reloaded before import = 0
Number of asset objects unloaded after import = 0
========================================================================
Received Import Request.
  Time since last request: 0.067355 seconds.
  path: Assets/UnityTechnologies/TowerDefenseTemplate/Audio/GameMix.mixer
  artifactKey: Guid(c40bed98f23a748f89472abe9c1a6871) Importer(815301076,1909f56bfc062723c751e8b465ee728b)
Start importing Assets/UnityTechnologies/TowerDefenseTemplate/Audio/GameMix.mixer using Guid(c40bed98f23a748f89472abe9c1a6871) Importer(815301076,1909f56bfc062723c751e8b465ee728b) Refreshing native plugins compatible for Editor in 13.76 ms, found 12 plugins.
Preloading 1 native plugins for Editor in 0.06 ms.
 -> (artifact id: '07a73f0e199b9695a4b3b267f3aa60c2') in 0.022912 seconds
Number of updated asset objects reloaded before import = 0
Number of asset objects unloaded after import = 50
========================================================================
Received Import Request.
  Time since last request: 1.845338 seconds.
  path: Assets/UnityTechnologies/TowerDefenseTemplate/Data
  artifactKey: Guid(a4c2a45bb060e46f5815758729fa9528) Importer(815301076,1909f56bfc062723c751e8b465ee728b)
Start importing Assets/UnityTechnologies/TowerDefenseTemplate/Data using Guid(a4c2a45bb060e46f5815758729fa9528) Importer(815301076,1909f56bfc062723c751e8b465ee728b)  -> (artifact id: '084ffa064ae328f2712aa20eabcf146e') in 0.000400 seconds
Number of updated asset objects reloaded before import = 0
Number of asset objects unloaded after import = 0
========================================================================
Received Import Request.
  Time since last request: 0.093973 seconds.
  path: Assets/UnityTechnologies/TowerDefenseTemplate/Data/HighQPostprocessing.asset
  artifactKey: Guid(557cba3a8a67841dfbd3c5d06bf4f2b2) Importer(815301076,1909f56bfc062723c751e8b465ee728b)
Start importing Assets/UnityTechnologies/TowerDefenseTemplate/Data/HighQPostprocessing.asset using Guid(557cba3a8a67841dfbd3c5d06bf4f2b2) Importer(815301076,1909f56bfc062723c751e8b465ee728b)  -> (artifact id: '6e7de189814f47636e5e192d23e21b83') in 0.008219 seconds
Number of updated asset objects reloaded before import = 0
Number of asset objects unloaded after import = 1
========================================================================
Received Import Request.
  Time since last request: 2.604617 seconds.
  path: Assets/UnityTechnologies/TowerDefenseTemplate/Documentation
  artifactKey: Guid(cf771ba58cee7014abd88eb97fd2ac0b) Importer(815301076,1909f56bfc062723c751e8b465ee728b)
Start importing Assets/UnityTechnologies/TowerDefenseTemplate/Documentation using Guid(cf771ba58cee7014abd88eb97fd2ac0b) Importer(815301076,1909f56bfc062723c751e8b465ee728b)  -> (artifact id: '1a550473548a75010c769fe89343b3b8') in 0.000396 seconds
Number of updated asset objects reloaded before import = 0
Number of asset objects unloaded after import = 0
========================================================================
Received Import Request.
  Time since last request: 3.949365 seconds.
  path: Assets/UnityTechnologies/TowerDefenseTemplate/Materials
  artifactKey: Guid(1a01e5e3c2bfe4257b1d53d2dbb5bfe4) Importer(815301076,1909f56bfc062723c751e8b465ee728b)
Start importing Assets/UnityTechnologies/TowerDefenseTemplate/Materials using Guid(1a01e5e3c2bfe4257b1d53d2dbb5bfe4) Importer(815301076,1909f56bfc062723c751e8b465ee728b)  -> (artifact id: '8a76a3ee8c9b65f88eff9b395cf1e2fb') in 0.000391 seconds
Number of updated asset objects reloaded before import = 0
Number of asset objects unloaded after import = 0
========================================================================
Received Import Request.
  Time since last request: 0.115835 seconds.
  path: Assets/UnityTechnologies/TowerDefenseTemplate/Materials/ShadowCaster.mat
  artifactKey: Guid(7f1957ba236084cfcaa1f5c9da66a68b) Importer(815301076,1909f56bfc062723c751e8b465ee728b)
Start importing Assets/UnityTechnologies/TowerDefenseTemplate/Materials/ShadowCaster.mat using Guid(7f1957ba236084cfcaa1f5c9da66a68b) Importer(815301076,1909f56bfc062723c751e8b465ee728b)  -> (artifact id: '4fbd3a503462e91fa3a7af9d562c4516') in 0.096145 seconds
Number of updated asset objects reloaded before import = 0
Number of asset objects unloaded after import = 1
========================================================================
Received Import Request.
  Time since last request: 2.496519 seconds.
  path: Assets/UnityTechnologies/TowerDefenseTemplate/Materials/Levels
  artifactKey: Guid(ece2ada4f3b8843e38a6bda39ff1e8d5) Importer(815301076,1909f56bfc062723c751e8b465ee728b)
Start importing Assets/UnityTechnologies/TowerDefenseTemplate/Materials/Levels using Guid(ece2ada4f3b8843e38a6bda39ff1e8d5) Importer(815301076,1909f56bfc062723c751e8b465ee728b)  -> (artifact id: '186dfcd80b77b794e3867c52d9ec787a') in 0.000395 seconds
Number of updated asset objects reloaded before import = 0
Number of asset objects unloaded after import = 0
========================================================================
Received Import Request.
  Time since last request: 0.076290 seconds.
  path: Assets/UnityTechnologies/TowerDefenseTemplate/Materials/Levels/Level01_Environment.mat
  artifactKey: Guid(7aec95210fbee42c4bdb81634224facf) Importer(815301076,1909f56bfc062723c751e8b465ee728b)
Start importing Assets/UnityTechnologies/TowerDefenseTemplate/Materials/Levels/Level01_Environment.mat using Guid(7aec95210fbee42c4bdb81634224facf) Importer(815301076,1909f56bfc062723c751e8b465ee728b)  -> (artifact id: 'ce79e68ea33aec52beec1b16ec7ea4d8') in 0.121021 seconds
Number of updated asset objects reloaded before import = 0
Number of asset objects unloaded after import = 1
========================================================================
Received Import Request.
  Time since last request: 0.000016 seconds.
  path: Assets/UnityTechnologies/TowerDefenseTemplate/Materials/Levels/Level04_Road.mat
  artifactKey: Guid(518f26152095f425f86fc3ac2a7f7a39) Importer(815301076,1909f56bfc062723c751e8b465ee728b)
Start importing Assets/UnityTechnologies/TowerDefenseTemplate/Materials/Levels/Level04_Road.mat using Guid(518f26152095f425f86fc3ac2a7f7a39) Importer(815301076,1909f56bfc062723c751e8b465ee728b)  -> (artifact id: '2af3cedc6aeebda4b27b4b262c977aec') in 0.106879 seconds
Number of updated asset objects reloaded before import = 0
Number of asset objects unloaded after import = 2
========================================================================
Received Import Request.
  Time since last request: 3.570988 seconds.
  path: Assets/UnityTechnologies/TowerDefenseTemplate/Materials/Particles
  artifactKey: Guid(a7e69bc29a9294718ade60b3df9d35f6) Importer(815301076,1909f56bfc062723c751e8b465ee728b)
Start importing Assets/UnityTechnologies/TowerDefenseTemplate/Materials/Particles using Guid(a7e69bc29a9294718ade60b3df9d35f6) Importer(815301076,1909f56bfc062723c751e8b465ee728b)  -> (artifact id: '1316f9ec44cf8ea94ba546e475446063') in 0.000418 seconds
Number of updated asset objects reloaded before import = 0
Number of asset objects unloaded after import = 0
========================================================================
Received Import Request.
  Time since last request: 0.116571 seconds.
  path: Assets/UnityTechnologies/TowerDefenseTemplate/Materials/Particles/AttackLightning.mat
  artifactKey: Guid(407d8b3d1bcc34a20b93b10e98939419) Importer(815301076,1909f56bfc062723c751e8b465ee728b)
Start importing Assets/UnityTechnologies/TowerDefenseTemplate/Materials/Particles/AttackLightning.mat using Guid(407d8b3d1bcc34a20b93b10e98939419) Importer(815301076,1909f56bfc062723c751e8b465ee728b)  -> (artifact id: 'd39846d8e66eff0a7a7377445782a788') in 0.079618 seconds
Number of updated asset objects reloaded before import = 0
Number of asset objects unloaded after import = 2
========================================================================
Received Import Request.
  Time since last request: 0.000017 seconds.
  path: Assets/UnityTechnologies/TowerDefenseTemplate/Materials/Particles/explosion_Smoke_3.mat
  artifactKey: Guid(35e327ac964fe4aff99b3209d04290fb) Importer(815301076,1909f56bfc062723c751e8b465ee728b)
Start importing Assets/UnityTechnologies/TowerDefenseTemplate/Materials/Particles/explosion_Smoke_3.mat using Guid(35e327ac964fe4aff99b3209d04290fb) Importer(815301076,1909f56bfc062723c751e8b465ee728b)  -> (artifact id: '0b4e09af12bf6ce95f10a62551099298') in 0.032824 seconds
Number of updated asset objects reloaded before import = 0
Number of asset objects unloaded after import = 2
========================================================================
Received Import Request.
  Time since last request: 0.000022 seconds.
  path: Assets/UnityTechnologies/TowerDefenseTemplate/Materials/Particles/MuzzleFlash.mat
  artifactKey: Guid(4ae7a6ababf2440e29641f226bd6e7da) Importer(815301076,1909f56bfc062723c751e8b465ee728b)
Start importing Assets/UnityTechnologies/TowerDefenseTemplate/Materials/Particles/MuzzleFlash.mat using Guid(4ae7a6ababf2440e29641f226bd6e7da) Importer(815301076,1909f56bfc062723c751e8b465ee728b)  -> (artifact id: 'd48ddeb49d22457769f4977ba283d4e7') in 0.127485 seconds
Number of updated asset objects reloaded before import = 0
Number of asset objects unloaded after import = 2
========================================================================
Received Import Request.
  Time since last request: 6.438988 seconds.
  path: Assets/UnityTechnologies/TowerDefenseTemplate/Materials/Player
  artifactKey: Guid(325df724dd85b41a6a80b515fde053e6) Importer(815301076,1909f56bfc062723c751e8b465ee728b)
Start importing Assets/UnityTechnologies/TowerDefenseTemplate/Materials/Player using Guid(325df724dd85b41a6a80b515fde053e6) Importer(815301076,1909f56bfc062723c751e8b465ee728b)  -> (artifact id: '0d951b42bcc4838f9d42a4512b34af89') in 0.000470 seconds
Number of updated asset objects reloaded before import = 0
Number of asset objects unloaded after import = 0
========================================================================
Received Import Request.
  Time since last request: 0.089929 seconds.
  path: Assets/UnityTechnologies/TowerDefenseTemplate/Materials/Player/HeadQuarters_tex_v001.mat
  artifactKey: Guid(19049764cb9244e399c35d55307516bc) Importer(815301076,1909f56bfc062723c751e8b465ee728b)
Start importing Assets/UnityTechnologies/TowerDefenseTemplate/Materials/Player/HeadQuarters_tex_v001.mat using Guid(19049764cb9244e399c35d55307516bc) Importer(815301076,1909f56bfc062723c751e8b465ee728b)  -> (artifact id: '470a879e7aa80ff02e6ac224a1650e86') in 0.155370 seconds
Number of updated asset objects reloaded before import = 0
Number of asset objects unloaded after import = 2
========================================================================
Received Import Request.
  Time since last request: 1.853844 seconds.
  path: Assets/UnityTechnologies/TowerDefenseTemplate/Materials/Projectiles
  artifactKey: Guid(468afdb0a1e1b4ffb97dfba3249418ac) Importer(815301076,1909f56bfc062723c751e8b465ee728b)
Start importing Assets/UnityTechnologies/TowerDefenseTemplate/Materials/Projectiles using Guid(468afdb0a1e1b4ffb97dfba3249418ac) Importer(815301076,1909f56bfc062723c751e8b465ee728b)  -> (artifact id: '155f154e22aa2b14647b2808e191ef44') in 0.000454 seconds
Number of updated asset objects reloaded before import = 0
Number of asset objects unloaded after import = 0
========================================================================
Received Import Request.
  Time since last request: 0.119747 seconds.
  path: Assets/UnityTechnologies/TowerDefenseTemplate/Materials/Projectiles/Enemy_Projectile.mat
  artifactKey: Guid(5fd22cfe457734c8b9840096269b369f) Importer(815301076,1909f56bfc062723c751e8b465ee728b)
Start importing Assets/UnityTechnologies/TowerDefenseTemplate/Materials/Projectiles/Enemy_Projectile.mat using Guid(5fd22cfe457734c8b9840096269b369f) Importer(815301076,1909f56bfc062723c751e8b465ee728b)  -> (artifact id: 'b97e13d4c480735c1aec052c9fa5c679') in 0.047028 seconds
Number of updated asset objects reloaded before import = 0
Number of asset objects unloaded after import = 2
========================================================================
Received Import Request.
  Time since last request: 2.896654 seconds.
  path: Assets/UnityTechnologies/TowerDefenseTemplate/Materials/Towers
  artifactKey: Guid(4cdca51e7f63f4f53a46a4f898d8b414) Importer(815301076,1909f56bfc062723c751e8b465ee728b)
Start importing Assets/UnityTechnologies/TowerDefenseTemplate/Materials/Towers using Guid(4cdca51e7f63f4f53a46a4f898d8b414) Importer(815301076,1909f56bfc062723c751e8b465ee728b)  -> (artifact id: '63d94249ccbf51e657e360d4c0815ce5') in 0.000417 seconds
Number of updated asset objects reloaded before import = 0
Number of asset objects unloaded after import = 0
========================================================================
Received Import Request.
  Time since last request: 0.110086 seconds.
  path: Assets/UnityTechnologies/TowerDefenseTemplate/Materials/Towers/TowerGhost.mat
  artifactKey: Guid(6fe9580bd67b34580977e0aa4eab9755) Importer(815301076,1909f56bfc062723c751e8b465ee728b)
Start importing Assets/UnityTechnologies/TowerDefenseTemplate/Materials/Towers/TowerGhost.mat using Guid(6fe9580bd67b34580977e0aa4eab9755) Importer(815301076,1909f56bfc062723c751e8b465ee728b)  -> (artifact id: 'c4474bc2d7624fac95521925ca59dd07') in 0.019838 seconds
Number of updated asset objects reloaded before import = 0
Number of asset objects unloaded after import = 1
========================================================================
Received Import Request.
  Time since last request: 3.417227 seconds.
  path: Assets/UnityTechnologies/TowerDefenseTemplate/Materials/Units
  artifactKey: Guid(0b8a16ae412f04154a1429cf25c5c197) Importer(815301076,1909f56bfc062723c751e8b465ee728b)
Start importing Assets/UnityTechnologies/TowerDefenseTemplate/Materials/Units using Guid(0b8a16ae412f04154a1429cf25c5c197) Importer(815301076,1909f56bfc062723c751e8b465ee728b)  -> (artifact id: 'c0d6138ba6f640cf1ad6157869e9082d') in 0.000387 seconds
Number of updated asset objects reloaded before import = 0
Number of asset objects unloaded after import = 0
========================================================================
Received Import Request.
  Time since last request: 0.080581 seconds.
  path: Assets/UnityTechnologies/TowerDefenseTemplate/Materials/Units/Buggy_Albedo_V001.mat
  artifactKey: Guid(6d0f3745ac74f4783907288920b96775) Importer(815301076,1909f56bfc062723c751e8b465ee728b)
Start importing Assets/UnityTechnologies/TowerDefenseTemplate/Materials/Units/Buggy_Albedo_V001.mat using Guid(6d0f3745ac74f4783907288920b96775) Importer(815301076,1909f56bfc062723c751e8b465ee728b)  -> (artifact id: '3c6b95b9f52755303db2415b71520e29') in 0.057748 seconds
Number of updated asset objects reloaded before import = 0
Number of asset objects unloaded after import = 2
========================================================================
Received Import Request.
  Time since last request: 0.000015 seconds.
  path: Assets/UnityTechnologies/TowerDefenseTemplate/Materials/Units/TankBoss_Orange_Albedo_V001.mat
  artifactKey: Guid(48efc3760d51645329779dabd538be0c) Importer(815301076,1909f56bfc062723c751e8b465ee728b)
Start importing Assets/UnityTechnologies/TowerDefenseTemplate/Materials/Units/TankBoss_Orange_Albedo_V001.mat using Guid(48efc3760d51645329779dabd538be0c) Importer(815301076,1909f56bfc062723c751e8b465ee728b)  -> (artifact id: 'ad622933d7d254343b51f5e192cd49fc') in 0.049274 seconds
Number of updated asset objects reloaded before import = 0
Number of asset objects unloaded after import = 2
========================================================================
Received Import Request.
  Time since last request: 9.785523 seconds.
  path: Assets/UnityTechnologies/TowerDefenseTemplate/Scripts
  artifactKey: Guid(f795543fb406b4a1cb76f596eb698815) Importer(815301076,1909f56bfc062723c751e8b465ee728b)
Start importing Assets/UnityTechnologies/TowerDefenseTemplate/Scripts using Guid(f795543fb406b4a1cb76f596eb698815) Importer(815301076,1909f56bfc062723c751e8b465ee728b)  -> (artifact id: '4672b35f866984ebc22c27755a24aca7') in 0.000485 seconds
Number of updated asset objects reloaded before import = 0
Number of asset objects unloaded after import = 0
========================================================================
Received Import Request.
  Time since last request: 1.702333 seconds.
  path: Assets/UnityTechnologies/TowerDefenseTemplate/Scripts/ActionGameFramework
  artifactKey: Guid(6c602b5c8d7cc42db835c411ec69a685) Importer(815301076,1909f56bfc062723c751e8b465ee728b)
Start importing Assets/UnityTechnologies/TowerDefenseTemplate/Scripts/ActionGameFramework using Guid(6c602b5c8d7cc42db835c411ec69a685) Importer(815301076,1909f56bfc062723c751e8b465ee728b)  -> (artifact id: 'a83b1f30c0e84f8ebdc1587204e46e2c') in 0.000478 seconds
Number of updated asset objects reloaded before import = 0
Number of asset objects unloaded after import = 0
========================================================================
Received Import Request.
  Time since last request: 56.659439 seconds.
  path: Assets/Textures/New Material.mat
  artifactKey: Guid(073979d1ba121bb4a9c8879405874041) Importer(815301076,1909f56bfc062723c751e8b465ee728b)
Start importing Assets/Textures/New Material.mat using Guid(073979d1ba121bb4a9c8879405874041) Importer(815301076,1909f56bfc062723c751e8b465ee728b)  -> (artifact id: '1de49942bb6ba49586777847dcd18917') in 0.037561 seconds
Number of updated asset objects reloaded before import = 0
Number of asset objects unloaded after import = 1
========================================================================
Received Import Request.
  Time since last request: 17.273378 seconds.
  path: Assets/Textures/Red.mat
  artifactKey: Guid(073979d1ba121bb4a9c8879405874041) Importer(815301076,1909f56bfc062723c751e8b465ee728b)
Start importing Assets/Textures/Red.mat using Guid(073979d1ba121bb4a9c8879405874041) Importer(815301076,1909f56bfc062723c751e8b465ee728b)  -> (artifact id: '0a3a8cf8db751dd9acda91e692d6d25f') in 0.013250 seconds
Number of updated asset objects reloaded before import = 0
Number of asset objects unloaded after import = 1
========================================================================
Received Import Request.
  Time since last request: 11.864696 seconds.
  path: Assets/Prefabs/Cube.prefab
  artifactKey: Guid(b984d29056062eb42a6ffef7a7e11ca6) Importer(815301076,1909f56bfc062723c751e8b465ee728b)
Start importing Assets/Prefabs/Cube.prefab using Guid(b984d29056062eb42a6ffef7a7e11ca6) Importer(815301076,1909f56bfc062723c751e8b465ee728b)  -> (artifact id: 'f442193cd75d156206f04681391dfe2c') in 0.022155 seconds
Number of updated asset objects reloaded before import = 0
Number of asset objects unloaded after import = 8
========================================================================
Received Import Request.
  Time since last request: 42194.929920 seconds.
  path: Assets/Scripts
  artifactKey: Guid(5db1b279d931819409ed4e5e8d1abdb7) Importer(815301076,1909f56bfc062723c751e8b465ee728b)
Start importing Assets/Scripts using Guid(5db1b279d931819409ed4e5e8d1abdb7) Importer(815301076,1909f56bfc062723c751e8b465ee728b)  -> (artifact id: '54185df3e12627d79bcd428d1ea007d7') in 0.008008 seconds
Number of updated asset objects reloaded before import = 0
Number of asset objects unloaded after import = 0
========================================================================
Received Prepare
Begin MonoManager ReloadAssembly
- Loaded All Assemblies, in  2.064 seconds
Refreshing native plugins compatible for Editor in 10.22 ms, found 12 plugins.
Native extension for WindowsStandalone target not found
Native extension for Android target not found
Native extension for WebGL target not found
System.Reflection.TargetInvocationException: Exception has been thrown by the target of an invocation. ---> System.NullReferenceException: Object reference not set to an instance of an object
  at Unity.XR.Oculus.OculusLoader.AssetPathToAbsolutePath (System.String assetPath) [0x0003d] in .\Library\PackageCache\com.unity.xr.oculus@4.1.2\Runtime\OculusLoader.cs:287 
  at Unity.XR.Oculus.OculusLoader.EditorLoadOVRPlugin () [0x00084] in .\Library\PackageCache\com.unity.xr.oculus@4.1.2\Runtime\OculusLoader.cs:272 
  at (wrapper managed-to-native) System.Reflection.RuntimeMethodInfo.InternalInvoke(System.Reflection.RuntimeMethodInfo,object,object[],System.Exception&)
  at System.Reflection.RuntimeMethodInfo.Invoke (System.Object obj, System.Reflection.BindingFlags invokeAttr, System.Reflection.Binder binder, System.Object[] parameters, System.Globalization.CultureInfo culture) [0x0006a] in <bfbc89a04b6b4dd49c3614d03fc31ce8>:0 
   --- End of inner exception stack trace ---
  at System.Reflection.RuntimeMethodInfo.Invoke (System.Object obj, System.Reflection.BindingFlags invokeAttr, System.Reflection.Binder binder, System.Object[] parameters, System.Globalization.CultureInfo culture) [0x00083] in <bfbc89a04b6b4dd49c3614d03fc31ce8>:0 
  at System.Reflection.MethodBase.Invoke (System.Object obj, System.Object[] parameters) [0x00000] in <bfbc89a04b6b4dd49c3614d03fc31ce8>:0 
  at UnityEditor.EditorAssemblies.ProcessInitializeOnLoadMethodAttributes () [0x000a5] in <8e887700cd7e4674989da7b046e8eaa6>:0 
UnityEngine.StackTraceUtility:ExtractStackTrace ()
UnityEngine.DebugLogHandler:LogFormat (UnityEngine.LogType,UnityEngine.Object,string,object[])
UnityEngine.Logger:Log (UnityEngine.LogType,object)
UnityEngine.Debug:LogError (object)
UnityEditor.EditorAssemblies:ProcessInitializeOnLoadMethodAttributes ()

Mono: successfully reloaded assembly
[Package Manager] Server::EnsureServerProcessIsRunning -- launch failed, reason: Unity was launched with the -noUpm command-line argument
[Package Manager] UpmClient::Send -- Unable to send message (not connected to UPM process).
[Package Manager] Cannot connect to Unity Package Manager local server
- Finished resetting the current domain, in 15.594 seconds
Domain Reload Profiling: 17654ms
	BeginReloadAssembly (265ms)
		ExecutionOrderSort (0ms)
		DisableScriptedObjects (8ms)
		BackupInstance (0ms)
		ReleaseScriptingObjects (0ms)
		CreateAndSetChildDomain (103ms)
	RebuildCommonClasses (30ms)
	RebuildNativeTypeToScriptingClass (10ms)
	initialDomainReloadingComplete (36ms)
	LoadAllAssembliesAndSetupDomain (1719ms)
		LoadAssemblies (1787ms)
		RebuildTransferFunctionScriptingTraits (0ms)
		AnalyzeDomain (33ms)
			TypeCache.Refresh (15ms)
				TypeCache.ScanAssembly (2ms)
			ScanForSourceGeneratedMonoScriptInfo (12ms)
			ResolveRequiredComponents (5ms)
	FinalizeReload (15594ms)
		ReleaseScriptCaches (0ms)
		RebuildScriptCaches (0ms)
		SetupLoadedEditorAssemblies (451ms)
			LogAssemblyErrors (0ms)
			InitializePlatformSupportModulesInManaged (25ms)
			SetLoadedEditorAssemblies (4ms)
			RefreshPlugins (0ms)
			BeforeProcessingInitializeOnLoad (52ms)
			ProcessInitializeOnLoadAttributes (331ms)
			ProcessInitializeOnLoadMethodAttributes (33ms)
			AfterProcessingInitializeOnLoad (6ms)
			EditorAssembliesLoaded (0ms)
		ExecutionOrderSort2 (0ms)
		AwakeInstancesAfterBackupRestoration (6ms)
Refreshing native plugins compatible for Editor in 13.33 ms, found 12 plugins.
Preloading 1 native plugins for Editor in 0.06 ms.
Unloading 4275 Unused Serialized files (Serialized files now loaded: 0)
Unloading 62 unused Assets / (376.7 KB). Loaded Objects now: 4835.
Memory consumption went from 158.2 MB to 157.8 MB.
Total: 3.656700 ms (FindLiveObjects: 0.240300 ms CreateObjectMapping: 0.070800 ms MarkObjects: 3.191900 ms  DeleteObjects: 0.152700 ms)

Prepare: number of updated asset objects reloaded= 0
AssetImportParameters requested are different than current active one (requested -> active):
  custom:container-demuxer-ogg: 62fdf1f143b41e24485cea50d1cbac27 -> 
  custom:video-codec-MediaFoundation-h265: 746d11721c4dcdbdad8f713fa42b33f4 -> 
  custom:video-decoder-ogg-theora: a1e56fd34408186e4bbccfd4996cb3dc -> 
  custom:framework-win-MediaFoundation: 216162199b28c13a410421893ffa2e32 -> 
  custom:CustomObjectIndexerAttribute: 6d391050e5a25f67b0a2c618074f2cd9 -> 
  custom:container-demuxer-webm: 4f35f7cbe854078d1ac9338744f61a02 -> 
  custom:container-muxer-webm: aa71ff27fc2769a1b78a27578f13a17b -> 
  custom:video-decoder-webm-vp8: 9c59270c3fd7afecdb556c50c9e8de78 -> 
  custom:SearchIndexIgnoredProperties: e643bd26f0fe6173181afceb89e7c659 -> 
  custom:AudioImporter_EditorPlatform: d09bf68614088b80899f8185d706f6e7 -> 
  custom:video-encoder-webm-vp8: eb34c28f22e8b96e1ab97ce403110664 -> 
  custom:audio-decoder-ogg-vorbis: bf7c407c2cedff20999df2af8eb42d56 -> 
  custom:audio-encoder-webm-vorbis: bf7c407c2cedff20999df2af8eb42d56 -> 
========================================================================
Received Import Request.
  Time since last request: 514.926257 seconds.
  path: Assets/Scripts/GridCell.cs
  artifactKey: Guid(c1aaea0345634924f984a2cfad33e6f6) Importer(815301076,1909f56bfc062723c751e8b465ee728b)
Start importing Assets/Scripts/GridCell.cs using Guid(c1aaea0345634924f984a2cfad33e6f6) Importer(815301076,1909f56bfc062723c751e8b465ee728b)  -> (artifact id: '03d0347ded5099f73264c4923e5b58a5') in 0.005851 seconds
Number of updated asset objects reloaded before import = 0
Number of asset objects unloaded after import = 0
========================================================================
Received Import Request.
  Time since last request: 25.720920 seconds.
  path: Assets/Scripts/GridCell.cs
  artifactKey: Guid(c1aaea0345634924f984a2cfad33e6f6) Importer(815301076,1909f56bfc062723c751e8b465ee728b)
Start importing Assets/Scripts/GridCell.cs using Guid(c1aaea0345634924f984a2cfad33e6f6) Importer(815301076,1909f56bfc062723c751e8b465ee728b)  -> (artifact id: 'a8358223aefcdbb03fe08d88c0bd0bc3') in 0.000564 seconds
Number of updated asset objects reloaded before import = 0
Number of asset objects unloaded after import = 0
========================================================================
Received Import Request.
  Time since last request: 257.518733 seconds.
  path: Assets/Scripts/GridSystem.cs
  artifactKey: Guid(c1aaea0345634924f984a2cfad33e6f6) Importer(815301076,1909f56bfc062723c751e8b465ee728b)
Start importing Assets/Scripts/GridSystem.cs using Guid(c1aaea0345634924f984a2cfad33e6f6) Importer(815301076,1909f56bfc062723c751e8b465ee728b)  -> (artifact id: 'fcd17d556c7962736f72a232c74009ef') in 0.000747 seconds
Number of updated asset objects reloaded before import = 0
Number of asset objects unloaded after import = 0
========================================================================
Received Import Request.
  Time since last request: 69.629691 seconds.
  path: Assets/Scripts/VRGridInteracion.cs
  artifactKey: Guid(b09b8dc71e7416e4aa545895aa9c3e6d) Importer(815301076,1909f56bfc062723c751e8b465ee728b)
Start importing Assets/Scripts/VRGridInteracion.cs using Guid(b09b8dc71e7416e4aa545895aa9c3e6d) Importer(815301076,1909f56bfc062723c751e8b465ee728b)  -> (artifact id: 'f7b542cecdf667dacea7cd458c1cb1e0') in 0.000489 seconds
Number of updated asset objects reloaded before import = 0
Number of asset objects unloaded after import = 0
========================================================================
Received Import Request.
  Time since last request: 12.910843 seconds.
  path: Assets/Scripts/VRGridInteracion.cs
  artifactKey: Guid(b09b8dc71e7416e4aa545895aa9c3e6d) Importer(815301076,1909f56bfc062723c751e8b465ee728b)
Start importing Assets/Scripts/VRGridInteracion.cs using Guid(b09b8dc71e7416e4aa545895aa9c3e6d) Importer(815301076,1909f56bfc062723c751e8b465ee728b)  -> (artifact id: '997f5d9c258e721cc265f66b307abf25') in 0.000429 seconds
Number of updated asset objects reloaded before import = 0
Number of asset objects unloaded after import = 0
========================================================================
Received Import Request.
  Time since last request: 56.521931 seconds.
  path: Assets/Scripts/GridCell.cs
  artifactKey: Guid(c23858eb3571e5e4b984b7aa7e8a6d2e) Importer(815301076,1909f56bfc062723c751e8b465ee728b)
Start importing Assets/Scripts/GridCell.cs using Guid(c23858eb3571e5e4b984b7aa7e8a6d2e) Importer(815301076,1909f56bfc062723c751e8b465ee728b)  -> (artifact id: '26e68bcf05af50f90830d8acb4058eb2') in 0.000454 seconds
Number of updated asset objects reloaded before import = 0
Number of asset objects unloaded after import = 0
========================================================================
Received Import Request.
  Time since last request: 8.886550 seconds.
  path: Assets/Scripts/GridCell.cs
  artifactKey: Guid(c23858eb3571e5e4b984b7aa7e8a6d2e) Importer(815301076,1909f56bfc062723c751e8b465ee728b)
Start importing Assets/Scripts/GridCell.cs using Guid(c23858eb3571e5e4b984b7aa7e8a6d2e) Importer(815301076,1909f56bfc062723c751e8b465ee728b)  -> (artifact id: '04986308ffc954e10f512b5a35286ecd') in 0.000535 seconds
Number of updated asset objects reloaded before import = 0
Number of asset objects unloaded after import = 0
========================================================================
Received Import Request.
  Time since last request: 140.328061 seconds.
  path: Assets/Scripts/GridCell.cs
  artifactKey: Guid(c23858eb3571e5e4b984b7aa7e8a6d2e) Importer(815301076,1909f56bfc062723c751e8b465ee728b)
Start importing Assets/Scripts/GridCell.cs using Guid(c23858eb3571e5e4b984b7aa7e8a6d2e) Importer(815301076,1909f56bfc062723c751e8b465ee728b)  -> (artifact id: '04cb947f9ee70000c877bf388787e6cc') in 0.000652 seconds
Number of updated asset objects reloaded before import = 0
Number of asset objects unloaded after import = 0
========================================================================
Received Import Request.
  Time since last request: 75.023107 seconds.
  path: Assets/Scripts/GridSystem.cs
  artifactKey: Guid(c1aaea0345634924f984a2cfad33e6f6) Importer(815301076,1909f56bfc062723c751e8b465ee728b)
Start importing Assets/Scripts/GridSystem.cs using Guid(c1aaea0345634924f984a2cfad33e6f6) Importer(815301076,1909f56bfc062723c751e8b465ee728b)  -> (artifact id: 'bc3d12d93f8d1254448a033755ed5c9c') in 0.000484 seconds
Number of updated asset objects reloaded before import = 0
Number of asset objects unloaded after import = 0
========================================================================
Received Import Request.
  Time since last request: 130.507361 seconds.
  path: Assets/Scripts/GridSystem - Copy.cs
  artifactKey: Guid(cab5a6401e523a1498f9607441e408bd) Importer(815301076,1909f56bfc062723c751e8b465ee728b)
Start importing Assets/Scripts/GridSystem - Copy.cs using Guid(cab5a6401e523a1498f9607441e408bd) Importer(815301076,1909f56bfc062723c751e8b465ee728b)  -> (artifact id: '56441fc5f656cc849b37703940c906c8') in 0.000482 seconds
Number of updated asset objects reloaded before import = 0
Number of asset objects unloaded after import = 0
========================================================================
Received Import Request.
  Time since last request: 411.081794 seconds.
  path: Assets/Scripts/NewBehaviourScript.cs
  artifactKey: Guid(18785c59f4aff8c47baf74c9f67da23e) Importer(815301076,1909f56bfc062723c751e8b465ee728b)
Start importing Assets/Scripts/NewBehaviourScript.cs using Guid(18785c59f4aff8c47baf74c9f67da23e) Importer(815301076,1909f56bfc062723c751e8b465ee728b)  -> (artifact id: '9e0d0df54e76884268b560d6e4a430c4') in 0.000694 seconds
Number of updated asset objects reloaded before import = 0
Number of asset objects unloaded after import = 0
========================================================================
Received Import Request.
  Time since last request: 11.050238 seconds.
  path: Assets/Scripts/GridSystem.cs
  artifactKey: Guid(18785c59f4aff8c47baf74c9f67da23e) Importer(815301076,1909f56bfc062723c751e8b465ee728b)
Start importing Assets/Scripts/GridSystem.cs using Guid(18785c59f4aff8c47baf74c9f67da23e) Importer(815301076,1909f56bfc062723c751e8b465ee728b)  -> (artifact id: '0d770c87ff924963bdb1b99dba0bb671') in 0.000499 seconds
Number of updated asset objects reloaded before import = 0
Number of asset objects unloaded after import = 0
========================================================================
Received Import Request.
  Time since last request: 28.729076 seconds.
  path: Assets/Scripts/VRGridInteracion.cs
  artifactKey: Guid(b09b8dc71e7416e4aa545895aa9c3e6d) Importer(815301076,1909f56bfc062723c751e8b465ee728b)
Start importing Assets/Scripts/VRGridInteracion.cs using Guid(b09b8dc71e7416e4aa545895aa9c3e6d) Importer(815301076,1909f56bfc062723c751e8b465ee728b)  -> (artifact id: 'a299c33234b82adf8ad894b7c3fc89e0') in 0.000462 seconds
Number of updated asset objects reloaded before import = 0
Number of asset objects unloaded after import = 0
========================================================================
Received Prepare
Begin MonoManager ReloadAssembly
- Loaded All Assemblies, in  0.373 seconds
Refreshing native plugins compatible for Editor in 9.75 ms, found 12 plugins.
The file 'MemoryStream' is corrupted! Remove it and launch unity again!
[Position out of bounds!]
Fatal Error! The file 'MemoryStream' is corrupted! Remove it and launch unity again!
[Position out of bounds!]
Crash!!!
SymInit: Symbol-SearchPath: 'C:/Program Files/Unity/Hub/Editor/2022.3.18f1/Editor/Data/Mono;.;C:\Users\Chris\Tactical Strike VR;C:\Users\Chris\Tactical Strike VR\Library\BurstCache\JIT;C:\Program Files\Unity\Hub\Editor\2022.3.18f1\Editor;C:\Windows;C:\Windows\system32;', symOptions: 534, UserName: 'Chris'
OS-Version: 10.0.0
C:\Program Files\Unity\Hub\Editor\2022.3.18f1\Editor\Unity.exe:Unity.exe (00007FF77DC70000), size: 82329600 (result: 0), SymType: '-deferred-', PDB: '', fileVersion: 2022.3.18.39914
C:\Windows\SYSTEM32\ntdll.dll:ntdll.dll (00007FFB1F110000), size: 2195456 (result: 0), SymType: '-deferred-', PDB: '', fileVersion: 10.0.22621.6060
C:\Windows\System32\KERNEL32.DLL:KERNEL32.DLL (00007FFB1E340000), size: 802816 (result: 0), SymType: '-deferred-', PDB: '', fileVersion: 10.0.22621.5415
C:\Windows\System32\KERNELBASE.dll:KERNELBASE.dll (00007FFB1C860000), size: 4009984 (result: 0), SymType: '-deferred-', PDB: '', fileVersion: 10.0.22621.6060
C:\Windows\System32\CRYPT32.dll:CRYPT32.dll (00007FFB1C460000), size: 1474560 (result: 0), SymType: '-deferred-', PDB: '', fileVersion: 10.0.22621.5983
C:\Windows\System32\ucrtbase.dll:ucrtbase.dll (00007FFB1C220000), size: 1118208 (result: 0), SymType: '-deferred-', PDB: '', fileVersion: 10.0.22621.3593
C:\Windows\System32\USER32.dll:USER32.dll (00007FFB1DFA0000), size: 1777664 (result: 0), SymType: '-deferred-', PDB: '', fileVersion: 10.0.22621.6199
C:\Windows\System32\win32u.dll:win32u.dll (00007FFB1C5D0000), size: 155648 (result: 0), SymType: '-deferred-', PDB: '', fileVersion: 10.0.22621.6199
C:\Windows\System32\GDI32.dll:GDI32.dll (00007FFB1E410000), size: 167936 (result: 0), SymType: '-deferred-', PDB: '', fileVersion: 10.0.22621.5697
C:\Windows\System32\gdi32full.dll:gdi32full.dll (00007FFB1C340000), size: 1159168 (result: 0), SymType: '-deferred-', PDB: '', fileVersion: 10.0.22621.6133
C:\Windows\System32\msvcp_win.dll:msvcp_win.dll (00007FFB1C7C0000), size: 630784 (result: 0), SymType: '-deferred-', PDB: '', fileVersion: 10.0.22621.3374
C:\Program Files\Unity\Hub\Editor\2022.3.18f1\Editor\etccompress.dll:etccompress.dll (00007FFA90310000), size: 5066752 (result: 0), SymType: '-deferred-', PDB: ''
C:\Program Files\Unity\Hub\Editor\2022.3.18f1\Editor\s3tcompress.dll:s3tcompress.dll (00007FFAF2570000), size: 180224 (result: 0), SymType: '-deferred-', PDB: ''
C:\Windows\System32\ADVAPI32.dll:ADVAPI32.dll (00007FFB1E710000), size: 724992 (result: 0), SymType: '-deferred-', PDB: '', fileVersion: 10.0.22621.5909
C:\Program Files\Unity\Hub\Editor\2022.3.18f1\Editor\libfbxsdk.dll:libfbxsdk.dll (00007FFA7E900000), size: 10067968 (result: 0), SymType: '-deferred-', PDB: '', fileVersion: 2020.3.3.0
C:\Windows\System32\msvcrt.dll:msvcrt.dll (00007FFB1D120000), size: 684032 (result: 0), SymType: '-deferred-', PDB: '', fileVersion: 7.0.22621.2506
C:\Program Files\Unity\Hub\Editor\2022.3.18f1\Editor\ispc_texcomp.dll:ispc_texcomp.dll (00007FFAA4CB0000), size: 1826816 (result: 0), SymType: '-deferred-', PDB: ''
C:\Program Files\Unity\Hub\Editor\2022.3.18f1\Editor\compress_bc7e.dll:compress_bc7e.dll (00007FFAA0440000), size: 1433600 (result: 0), SymType: '-deferred-', PDB: ''
C:\Windows\System32\sechost.dll:sechost.dll (00007FFB1ED10000), size: 688128 (result: 0), SymType: '-deferred-', PDB: '', fileVersion: 10.0.22621.5909
C:\Windows\System32\bcrypt.dll:bcrypt.dll (00007FFB1CD80000), size: 163840 (result: 0), SymType: '-deferred-', PDB: '', fileVersion: 10.0.22621.4746
C:\Program Files\Unity\Hub\Editor\2022.3.18f1\Editor\FreeImage.dll:FreeImage.dll (0000000180000000), size: 6582272 (result: 0), SymType: '-deferred-', PDB: '', fileVersion: 3.18.0.0
C:\Program Files\Unity\Hub\Editor\2022.3.18f1\Editor\WinPixEventRuntime.dll:WinPixEventRuntime.dll (00007FFB179B0000), size: 45056 (result: 0), SymType: '-deferred-', PDB: '', fileVersion: 1.0.1812.6001
C:\Windows\System32\RPCRT4.dll:RPCRT4.dll (00007FFB1CF80000), size: 1146880 (result: 0), SymType: '-deferred-', PDB: '', fileVersion: 10.0.22621.5840
C:\Windows\System32\SHELL32.dll:SHELL32.dll (00007FFB1D6E0000), size: 9027584 (result: 0), SymType: '-deferred-', PDB: '', fileVersion: 10.0.22621.6133
C:\Windows\System32\wintypes.dll:wintypes.dll (00007FFB1CC40000), size: 1306624 (result: 0), SymType: '-deferred-', PDB: '', fileVersion: 10.0.22621.6133
C:\Windows\System32\combase.dll:combase.dll (00007FFB1D1E0000), size: 3739648 (result: 0), SymType: '-deferred-', PDB: '', fileVersion: 10.0.22621.6133
C:\Windows\System32\WS2_32.dll:WS2_32.dll (00007FFB1E160000), size: 462848 (result: 0), SymType: '-deferred-', PDB: '', fileVersion: 10.0.22621.4746
C:\Windows\System32\SHLWAPI.dll:SHLWAPI.dll (00007FFB1D0B0000), size: 430080 (result: 0), SymType: '-deferred-', PDB: '', fileVersion: 10.0.22621.5983
C:\Windows\System32\ole32.dll:ole32.dll (00007FFB1CDB0000), size: 1708032 (result: 0), SymType: '-deferred-', PDB: '', fileVersion: 10.0.22621.6199
C:\Program Files\Unity\Hub\Editor\2022.3.18f1\Editor\umbraoptimizer64.dll:umbraoptimizer64.dll (00007FFA97C60000), size: 1187840 (result: 0), SymType: '-deferred-', PDB: ''
C:\Windows\System32\IMM32.dll:IMM32.dll (00007FFB1E7D0000), size: 200704 (result: 0), SymType: '-deferred-', PDB: '', fileVersion: 10.0.22621.5697
C:\Windows\System32\SETUPAPI.dll:SETUPAPI.dll (00007FFB1E810000), size: 4669440 (result: 0), SymType: '-deferred-', PDB: '', fileVersion: 10.0.22621.2506
C:\Windows\System32\OLEAUT32.dll:OLEAUT32.dll (00007FFB1EF80000), size: 884736 (result: 0), SymType: '-deferred-', PDB: '', fileVersion: 10.0.22621.5697
C:\Windows\System32\WINTRUST.dll:WINTRUST.dll (00007FFB1C740000), size: 507904 (result: 0), SymType: '-deferred-', PDB: '', fileVersion: 10.0.22621.6060
C:\Windows\SYSTEM32\VCRUNTIME140.dll:VCRUNTIME140.dll (00007FFAF9E40000), size: 122880 (result: 0), SymType: '-deferred-', PDB: '', fileVersion: 14.44.35211.0
C:\Windows\SYSTEM32\MSVCP140.dll:MSVCP140.dll (00007FFAF9D70000), size: 561152 (result: 0), SymType: '-deferred-', PDB: '', fileVersion: 14.44.35211.0
C:\Windows\SYSTEM32\OPENGL32.dll:OPENGL32.dll (00007FFAFA710000), size: 1048576 (result: 0), SymType: '-deferred-', PDB: '', fileVersion: 10.0.22621.5415
C:\Windows\SYSTEM32\GLU32.dll:GLU32.dll (00007FFAF9E00000), size: 184320 (result: 0), SymType: '-deferred-', PDB: '', fileVersion: 10.0.22621.2506
C:\Windows\SYSTEM32\IPHLPAPI.DLL:IPHLPAPI.DLL (00007FFB1ACD0000), size: 184320 (result: 0), SymType: '-deferred-', PDB: '', fileVersion: 10.0.22621.1
C:\Windows\SYSTEM32\WINHTTP.dll:WINHTTP.dll (00007FFB14D60000), size: 1228800 (result: 0), SymType: '-deferred-', PDB: '', fileVersion: 10.0.22621.4830
C:\Windows\SYSTEM32\WINMM.dll:WINMM.dll (00007FFB135E0000), size: 212992 (result: 0), SymType: '-deferred-', PDB: '', fileVersion: 10.0.22621.5415
C:\Windows\SYSTEM32\HID.DLL:HID.DLL (00007FFB1AA00000), size: 57344 (result: 0), SymType: '-deferred-', PDB: '', fileVersion: 10.0.22621.1
C:\Windows\SYSTEM32\dwmapi.dll:dwmapi.dll (00007FFB18870000), size: 176128 (result: 0), SymType: '-deferred-', PDB: '', fileVersion: 10.0.22621.5697
C:\Program Files\Unity\Hub\Editor\2022.3.18f1\Editor\SketchUpAPI.dll:SketchUpAPI.dll (00007FFA7DCE0000), size: 8990720 (result: 0), SymType: '-deferred-', PDB: '', fileVersion: 23.0.0.0
C:\Windows\SYSTEM32\VERSION.dll:VERSION.dll (00007FFB184B0000), size: 40960 (result: 0), SymType: '-deferred-', PDB: '', fileVersion: 10.0.22621.1
C:\Windows\SYSTEM32\WSOCK32.dll:WSOCK32.dll (00007FFAF3330000), size: 36864 (result: 0), SymType: '-deferred-', PDB: '', fileVersion: 10.0.22621.1
C:\Windows\SYSTEM32\VCRUNTIME140_1.dll:VCRUNTIME140_1.dll (00007FFAF9E30000), size: 49152 (result: 0), SymType: '-deferred-', PDB: '', fileVersion: 14.44.35211.0
C:\Program Files\Unity\Hub\Editor\2022.3.18f1\Editor\SketchUpCommonPreferences.dll:SketchUpCommonPreferences.dll (00007FFAE49A0000), size: 499712 (result: 0), SymType: '-deferred-', PDB: '', fileVersion: 23.0.0.0
C:\Windows\SYSTEM32\Secur32.dll:Secur32.dll (00007FFB1B0A0000), size: 49152 (result: 0), SymType: '-deferred-', PDB: '', fileVersion: 10.0.22621.1
C:\Windows\SYSTEM32\dxcore.dll:dxcore.dll (00007FFB18CE0000), size: 225280 (result: 0), SymType: '-deferred-', PDB: '', fileVersion: 10.0.22621.5415
C:\Windows\SYSTEM32\SSPICLI.DLL:SSPICLI.DLL (00007FFB1B510000), size: 274432 (result: 0), SymType: '-deferred-', PDB: '', fileVersion: 10.0.22621.5909
C:\Program Files\Unity\Hub\Editor\2022.3.18f1\Editor\OpenRL.dll:OpenRL.dll (00000216000F0000), size: 12779520 (result: 0), SymType: '-deferred-', PDB: '', fileVersion: 1.5.0.2907
C:\Program Files\Unity\Hub\Editor\2022.3.18f1\Editor\embree.dll:embree.dll (00007FFA47B10000), size: 16711680 (result: 0), SymType: '-deferred-', PDB: '', fileVersion: 2.14.0.0
C:\Windows\SYSTEM32\MSVCP100.dll:MSVCP100.dll (0000000075A80000), size: 622592 (result: 0), SymType: '-deferred-', PDB: '', fileVersion: 10.0.40219.325
C:\Windows\SYSTEM32\cfgmgr32.DLL:cfgmgr32.DLL (00007FFB1BF30000), size: 319488 (result: 0), SymType: '-deferred-', PDB: '', fileVersion: 10.0.22621.2506
C:\Windows\SYSTEM32\MSVCR100.dll:MSVCR100.dll (0000000075B20000), size: 860160 (result: 0), SymType: '-deferred-', PDB: '', fileVersion: 10.0.40219.325
C:\Program Files\Unity\Hub\Editor\2022.3.18f1\Editor\tbb.dll:tbb.dll (00007FFAE4900000), size: 413696 (result: 0), SymType: '-deferred-', PDB: '', fileVersion: 2017.0.2016.1004
C:\Windows\SYSTEM32\MSWSOCK.DLL:MSWSOCK.DLL (00007FFB1B770000), size: 430080 (result: 0), SymType: '-deferred-', PDB: '', fileVersion: 10.0.22621.5413
C:\Windows\SYSTEM32\MSVCP120.dll:MSVCP120.dll (00007FFADE730000), size: 679936 (result: 0), SymType: '-deferred-', PDB: '', fileVersion: 12.0.21005.1
C:\Windows\SYSTEM32\MSVCR120.dll:MSVCR120.dll (00007FFADCD40000), size: 978944 (result: 0), SymType: '-deferred-', PDB: '', fileVersion: 12.0.21005.1
C:\Program Files\Unity\Hub\Editor\2022.3.18f1\Editor\OpenRL_pthread.dll:OpenRL_pthread.dll (0000021600D40000), size: 61440 (result: 0), SymType: '-deferred-', PDB: '', fileVersion: 2.9.0.0
C:\Windows\SYSTEM32\MSASN1.dll:MSASN1.dll (00007FFB1BA60000), size: 73728 (result: 0), SymType: '-deferred-', PDB: '', fileVersion: 10.0.22621.2506
C:\Windows\System32\bcryptprimitives.dll:bcryptprimitives.dll (00007FFB1C600000), size: 503808 (result: 0), SymType: '-deferred-', PDB: '', fileVersion: 10.0.22621.4317
C:\Windows\SYSTEM32\kernel.appcore.dll:kernel.appcore.dll (00007FFB1B250000), size: 98304 (result: 0), SymType: '-deferred-', PDB: '', fileVersion: 10.0.22621.3958
C:\Windows\system32\uxtheme.dll:uxtheme.dll (00007FFB18720000), size: 733184 (result: 0), SymType: '-deferred-', PDB: '', fileVersion: 10.0.22621.5983
C:\Windows\SYSTEM32\windows.storage.dll:windows.storage.dll (00007FFB1A0E0000), size: 9543680 (result: 0), SymType: '-deferred-', PDB: '', fileVersion: 10.0.22621.6133
C:\Windows\System32\SHCORE.dll:SHCORE.dll (00007FFB1EDC0000), size: 1064960 (result: 0), SymType: '-deferred-', PDB: '', fileVersion: 10.0.22621.6133
C:\Windows\SYSTEM32\profapi.dll:profapi.dll (00007FFB1C150000), size: 151552 (result: 0), SymType: '-deferred-', PDB: '', fileVersion: 10.0.22621.5840
C:\Windows\system32\IconCodecService.dll:IconCodecService.dll (00007FFAF8AC0000), size: 36864 (result: 0), SymType: '-deferred-', PDB: '', fileVersion: 10.0.22621.1
C:\Windows\SYSTEM32\WindowsCodecs.dll:WindowsCodecs.dll (00007FFB184E0000), size: 1777664 (result: 0), SymType: '-deferred-', PDB: '', fileVersion: 10.0.22621.6133
C:\Windows\System32\clbcatq.dll:clbcatq.dll (00007FFB1E290000), size: 720896 (result: 0), SymType: '-deferred-', PDB: '', fileVersion: 2001.12.10941.16384
C:\Windows\System32\netprofm.dll:netprofm.dll (00007FFB166D0000), size: 491520 (result: 0), SymType: '-deferred-', PDB: '', fileVersion: 10.0.22621.3527
C:\Windows\System32\NSI.dll:NSI.dll (00007FFB1CF70000), size: 36864 (result: 0), SymType: '-deferred-', PDB: '', fileVersion: 10.0.22621.4746
C:\Windows\SYSTEM32\dhcpcsvc6.DLL:dhcpcsvc6.DLL (00007FFB14F30000), size: 102400 (result: 0), SymType: '-deferred-', PDB: '', fileVersion: 10.0.22621.2506
C:\Windows\SYSTEM32\dhcpcsvc.DLL:dhcpcsvc.DLL (00007FFB14EC0000), size: 126976 (result: 0), SymType: '-deferred-', PDB: '', fileVersion: 10.0.22621.2506
C:\Windows\System32\npmproxy.dll:npmproxy.dll (00007FFB135A0000), size: 98304 (result: 0), SymType: '-deferred-', PDB: '', fileVersion: 10.0.22621.3527
C:\Windows\SYSTEM32\DNSAPI.dll:DNSAPI.dll (00007FFB1AD40000), size: 1015808 (result: 0), SymType: '-deferred-', PDB: '', fileVersion: 10.0.22621.5262
C:\Windows\system32\napinsp.dll:napinsp.dll (00007FFAE6660000), size: 94208 (result: 0), SymType: '-deferred-', PDB: '', fileVersion: 10.0.22621.1
C:\Windows\system32\pnrpnsp.dll:pnrpnsp.dll (00007FFAE6580000), size: 110592 (result: 0), SymType: '-deferred-', PDB: '', fileVersion: 10.0.22621.1
C:\Windows\System32\winrnr.dll:winrnr.dll (00007FFAE6560000), size: 69632 (result: 0), SymType: '-deferred-', PDB: '', fileVersion: 10.0.22621.1
C:\Windows\system32\wshbth.dll:wshbth.dll (00007FFB150E0000), size: 86016 (result: 0), SymType: '-deferred-', PDB: '', fileVersion: 10.0.22621.5840
C:\Windows\system32\nlansp_c.dll:nlansp_c.dll (00007FFAE90B0000), size: 135168 (result: 0), SymType: '-deferred-', PDB: '', fileVersion: 10.0.22621.5331
C:\Windows\System32\fwpuclnt.dll:fwpuclnt.dll (00007FFB14130000), size: 540672 (result: 0), SymType: '-deferred-', PDB: '', fileVersion: 10.0.22621.6133
C:\Windows\System32\rasadhlp.dll:rasadhlp.dll (00007FFB15430000), size: 40960 (result: 0), SymType: '-deferred-', PDB: '', fileVersion: 10.0.22621.6199
C:\Program Files\Unity\Hub\Editor\2022.3.18f1\Editor\NVUnityPlugin.DLL:NVUnityPlugin.DLL (00007FFA8E650000), size: 1519616 (result: 0), SymType: '-deferred-', PDB: ''
C:\Program Files\Unity\Hub\Editor\2022.3.18f1\Editor\Data\Tools\astcenc-avx2.dll:astcenc-avx2.dll (00007FFAE1390000), size: 540672 (result: 0), SymType: '-deferred-', PDB: ''
C:\Windows\System32\MMDevApi.dll:MMDevApi.dll (00007FFB0C420000), size: 638976 (result: 0), SymType: '-deferred-', PDB: '', fileVersion: 10.0.22621.5547
C:\Windows\System32\DEVOBJ.dll:DEVOBJ.dll (00007FFB1BEE0000), size: 180224 (result: 0), SymType: '-deferred-', PDB: '', fileVersion: 10.0.22621.2506
C:\Users\Chris\Tactical Strike VR\Library\PackageCache\com.unity.xr.oculus@4.1.2\Runtime\x64\AudioPluginOculusSpatializer.dll:AudioPluginOculusSpatializer.dll (00007FFA7D8A0000), size: 2899968 (result: 0), SymType: '-deferred-', PDB: ''
C:\Windows\SYSTEM32\d3d11.dll:d3d11.dll (00007FFB19BD0000), size: 2453504 (result: 0), SymType: '-deferred-', PDB: '', fileVersion: 10.0.22621.5415
C:\Windows\SYSTEM32\dxgi.dll:dxgi.dll (00007FFB19E30000), size: 1011712 (result: 0), SymType: '-deferred-', PDB: '', fileVersion: 10.0.22621.5415
C:\Windows\SYSTEM32\directxdatabasehelper.dll:directxdatabasehelper.dll (00007FFB14D10000), size: 299008 (result: 0), SymType: '-deferred-', PDB: '', fileVersion: 10.0.22621.5983
C:\Windows\System32\DriverStore\FileRepository\nv_dispi.inf_amd64_7840b4313191ae17\nvldumdx.dll:nvldumdx.dll (00007FFB11BB0000), size: 802816 (result: 0), SymType: '-deferred-', PDB: '', fileVersion: 32.0.15.9174
C:\Windows\SYSTEM32\cryptnet.dll:cryptnet.dll (00007FFB11B70000), size: 204800 (result: 0), SymType: '-deferred-', PDB: '', fileVersion: 10.0.22621.1
C:\Windows\SYSTEM32\cryptbase.dll:cryptbase.dll (00007FFB1B980000), size: 49152 (result: 0), SymType: '-deferred-', PDB: '', fileVersion: 10.0.22621.4746
C:\Windows\SYSTEM32\wldp.dll:wldp.dll (00007FFB1BAF0000), size: 327680 (result: 0), SymType: '-deferred-', PDB: '', fileVersion: 10.0.22621.5840
C:\Windows\SYSTEM32\drvstore.dll:drvstore.dll (00007FFB11A10000), size: 1417216 (result: 0), SymType: '-deferred-', PDB: '', fileVersion: 10.0.22621.5413
C:\Windows\System32\imagehlp.dll:imagehlp.dll (00007FFB1DF80000), size: 126976 (result: 0), SymType: '-deferred-', PDB: '', fileVersion: 10.0.22621.1
C:\Windows\SYSTEM32\CRYPTSP.dll:CRYPTSP.dll (00007FFB1B9C0000), size: 110592 (result: 0), SymType: '-deferred-', PDB: '', fileVersion: 10.0.22621.6060
C:\Windows\system32\rsaenh.dll:rsaenh.dll (00007FFB1B210000), size: 225280 (result: 0), SymType: '-deferred-', PDB: '', fileVersion: 10.0.22621.5624
C:\Windows\System32\DriverStore\FileRepository\nv_dispi.inf_amd64_7840b4313191ae17\nvgpucomp64.dll:nvgpucomp64.dll (00007FFB073C0000), size: 80736256 (result: 0), SymType: '-deferred-', PDB: '', fileVersion: 32.0.15.9174
C:\Windows\System32\DriverStore\FileRepository\nv_dispi.inf_amd64_7840b4313191ae17\Display.NvContainer\NvMessageBus.dll:NvMessageBus.dll (00007FFB0F9C0000), size: 3551232 (result: 0), SymType: '-deferred-', PDB: '', fileVersion: 3.15.3538.9611
C:\Windows\System32\DriverStore\FileRepository\nv_dispi.inf_amd64_7840b4313191ae17\NvMemMapStoragex.dll:NvMemMapStoragex.dll (00007FFB102F0000), size: 1245184 (result: 0), SymType: '-deferred-', PDB: ''
C:\Windows\SYSTEM32\POWRPROF.dll:POWRPROF.dll (00007FFB1B030000), size: 315392 (result: 0), SymType: '-deferred-', PDB: '', fileVersion: 10.0.22621.3958
C:\Windows\SYSTEM32\UMPDC.dll:UMPDC.dll (00007FFB1B010000), size: 77824 (result: 0), SymType: '-deferred-', PDB: '', fileVersion: 10.0.22621.5124
C:\Windows\System32\DriverStore\FileRepository\nv_dispi.inf_amd64_7840b4313191ae17\nvwgf2umx.dll:nvwgf2umx.dll (00007FFB01300000), size: 84860928 (result: 0), SymType: '-deferred-', PDB: '', fileVersion: 32.0.15.9174
C:\Windows\system32\nvspcap64.dll:nvspcap64.dll (00007FFAEEA00000), size: 1339392 (result: 0), SymType: '-deferred-', PDB: '', fileVersion: 11.0.5.420
C:\Windows\SYSTEM32\ntmarta.dll:ntmarta.dll (00007FFB1B3C0000), size: 212992 (result: 0), SymType: '-deferred-', PDB: '', fileVersion: 10.0.22621.1
C:\Windows\System32\DriverStore\FileRepository\nv_dispi.inf_amd64_7840b4313191ae17\nvppex.dll:nvppex.dll (00007FFAED550000), size: 1798144 (result: 0), SymType: '-deferred-', PDB: '', fileVersion: 32.0.15.9174
C:\Windows\system32\wbem\wbemprox.dll:wbemprox.dll (00007FFB0F090000), size: 65536 (result: 0), SymType: '-deferred-', PDB: '', fileVersion: 10.0.22621.3672
C:\Windows\SYSTEM32\wbemcomn.dll:wbemcomn.dll (00007FFB0F010000), size: 524288 (result: 0), SymType: '-deferred-', PDB: '', fileVersion: 10.0.22621.2506
C:\Windows\system32\wbem\wbemsvc.dll:wbemsvc.dll (00007FFB0DA90000), size: 81920 (result: 0), SymType: '-deferred-', PDB: '', fileVersion: 10.0.22621.3672
C:\Windows\system32\wbem\fastprox.dll:fastprox.dll (00007FFB0E0B0000), size: 1015808 (result: 0), SymType: '-deferred-', PDB: '', fileVersion: 10.0.22621.5415
C:\Windows\SYSTEM32\amsi.dll:amsi.dll (00007FFB0D7B0000), size: 118784 (result: 0), SymType: '-deferred-', PDB: '', fileVersion: 10.0.22621.3527
C:\Windows\SYSTEM32\USERENV.dll:USERENV.dll (00007FFB1B810000), size: 163840 (result: 0), SymType: '-deferred-', PDB: '', fileVersion: 10.0.22621.3527
C:\ProgramData\Microsoft\Windows Defender\Platform\4.18.25110.6-0\MpOav.dll:MpOav.dll (00007FFB0D700000), size: 663552 (result: 0), SymType: '-deferred-', PDB: '', fileVersion: 4.18.25110.6
C:\Program Files\Unity\Hub\Editor\2022.3.18f1\Editor\cudart64_90.dll:cudart64_90.dll (00007FFAE2460000), size: 397312 (result: 0), SymType: '-deferred-', PDB: '', fileVersion: 6.14.11.9000
C:\Windows\SYSTEM32\opencl.dll:opencl.dll (00007FFAE1920000), size: 483328 (result: 0), SymType: '-deferred-', PDB: '', fileVersion: 3.0.6.0
C:\Program Files\Unity\Hub\Editor\2022.3.18f1\Editor\radeonrays.dll:radeonrays.dll (00007FFADE660000), size: 557056 (result: 0), SymType: '-deferred-', PDB: ''
C:\Program Files\Unity\Hub\Editor\2022.3.18f1\Editor\Data\MonoBleedingEdge\EmbedRuntime\mono-2.0-bdwgc.dll:mono-2.0-bdwgc.dll (00007FFA74570000), size: 10825728 (result: 0), SymType: '-deferred-', PDB: ''
C:\Windows\SYSTEM32\PROPSYS.dll:PROPSYS.dll (00007FFB17A40000), size: 1081344 (result: 0), SymType: '-deferred-', PDB: '', fileVersion: 7.0.22621.5983
C:\Windows\System32\Windows.FileExplorer.Common.dll:Windows.FileExplorer.Common.dll (00007FFAF8AD0000), size: 765952 (result: 0), SymType: '-deferred-', PDB: '', fileVersion: 10.0.22621.6133
C:\Windows\System32\Windows.StateRepositoryPS.dll:Windows.StateRepositoryPS.dll (00007FFB0D8A0000), size: 962560 (result: 0), SymType: '-deferred-', PDB: '', fileVersion: 10.0.22621.6133
C:\Windows\SYSTEM32\windows.staterepositoryclient.dll:windows.staterepositoryclient.dll (00007FFB12B00000), size: 249856 (result: 0), SymType: '-deferred-', PDB: '', fileVersion: 10.0.22621.6133
C:\Windows\SYSTEM32\edputil.dll:edputil.dll (00007FFAF1150000), size: 163840 (result: 0), SymType: '-deferred-', PDB: '', fileVersion: 10.0.22621.4830
C:\Windows\SYSTEM32\urlmon.dll:urlmon.dll (00007FFB0F3F0000), size: 2052096 (result: 0), SymType: '-deferred-', PDB: '', fileVersion: 11.0.22621.6133
C:\Windows\SYSTEM32\iertutil.dll:iertutil.dll (00007FFB0ED20000), size: 2879488 (result: 0), SymType: '-deferred-', PDB: '', fileVersion: 11.0.22621.6060
C:\Windows\SYSTEM32\srvcli.dll:srvcli.dll (00007FFB0EFE0000), size: 163840 (result: 0), SymType: '-deferred-', PDB: '', fileVersion: 10.0.22621.4249
C:\Windows\SYSTEM32\netutils.dll:netutils.dll (00007FFB1ACC0000), size: 49152 (result: 0), SymType: '-deferred-', PDB: '', fileVersion: 10.0.22621.2506
C:\Windows\System32\cldapi.dll:cldapi.dll (00007FFAF1180000), size: 184320 (result: 0), SymType: '-deferred-', PDB: '', fileVersion: 10.0.22621.2506
C:\Windows\SYSTEM32\virtdisk.dll:virtdisk.dll (00007FFAF56F0000), size: 90112 (result: 0), SymType: '-deferred-', PDB: '', fileVersion: 10.0.22621.5415
C:\Windows\System32\appresolver.dll:appresolver.dll (00007FFAE65A0000), size: 749568 (result: 0), SymType: '-deferred-', PDB: '', fileVersion: 10.0.22621.6133
C:\Windows\System32\Bcp47Langs.dll:Bcp47Langs.dll (00007FFAFF650000), size: 393216 (result: 0), SymType: '-deferred-', PDB: '', fileVersion: 10.0.22621.5262
C:\Windows\System32\OneCoreUAPCommonProxyStub.dll:OneCoreUAPCommonProxyStub.dll (00007FFB11CA0000), size: 6475776 (result: 0), SymType: '-deferred-', PDB: '', fileVersion: 10.0.22621.6133
C:\Windows\SYSTEM32\dbghelp.dll:dbghelp.dll (00007FFB19940000), size: 2306048 (result: 0), SymType: '-deferred-', PDB: '', fileVersion: 10.0.22621.5471

========== OUTPUTTING STACK TRACE ==================

0x00007FFB1C8C055C (KERNELBASE) RaiseException
0x00007FF77F826B90 (Unity) EditorMonoConsole::LogToConsoleImplementation
0x00007FF77F82760D (Unity) EditorMonoConsole::LogToConsoleImplementation
0x00007FF7804DA3AF (Unity) DebugStringToFilePostprocessedStacktrace
0x00007FF7804D9B0A (Unity) DebugStringToFile
0x00007FF77EA50D5E (Unity) CachedReader::OutOfBoundsError
0x00007FF77EA51CD4 (Unity) CachedReader::UpdateReadCache
0x00007FF77ED097E6 (Unity) ExecuteSerializationCommands<JSONRead>
0x00007FF77ED23F58 (Unity) <lambda_580fa16bd23d18c3e466e7b58feca0a1>::operator()
0x00007FF77ED1DC81 (Unity) TransferScriptingObject<StreamedBinaryRead>
0x00007FF77ED1F589 (Unity) SerializableManagedRefTransfer::TransferScriptingObjectWithSerializedRefSupport<StreamedBinaryRead>
0x00007FF77ED37536 (Unity) SerializableManagedRefTransfer::TransferBinaryInstanceOnly
0x00007FF77ED0B35F (Unity) SerializableManagedRefTransfer::RestoreBackupImpl<SerializableManagedRefBackupGenerator>
0x00007FF77ED0B185 (Unity) SerializableManagedRefTransfer::RestoreBackup<SerializableManagedRefBackupGenerator>
0x00007FF77EDE4386 (Unity) SerializableManagedRefsUtilities::RestoreBackups
0x00007FF77ED2A44F (Unity) MonoManager::FinalizeReload
0x00007FF78011A9EA (Unity) ScriptingInitializer::FinalizeReload
0x00007FF77FCC875B (Unity) LoadUserAssemblies
0x00007FF7801C7C85 (Unity) <lambda_b37b41f03089e3cb3f55061bbc93253d>::operator()
0x00007FF780202012 (Unity) asio::detail::completion_handler<core::mutable_function<void __cdecl(void)>,asio::io_context::basic_executor_type<std::allocator<void>,0> >::do_complete
0x00007FF7801EDFBE (Unity) asio::detail::win_iocp_io_context::do_one
0x00007FF7801EFC24 (Unity) asio::detail::win_iocp_io_context::run
0x00007FF7802003BC (Unity) IOService::Run
0x00007FF7801D3F1F (Unity) AssetImportWorkerClient::Run
0x00007FF78019EE57 (Unity) RunAssetImportWorkerClientV2
0x00007FF78019EEDB (Unity) RunAssetImporterV2
0x00007FF77F9A2DC1 (Unity) Application::InitializeProject
0x00007FF77FE2BE95 (Unity) WinMain
0x00007FF78120BB6E (Unity) __scrt_common_main_seh
0x00007FFB1E35259D (KERNEL32) BaseThreadInitThunk
0x00007FFB1F16AF78 (ntdll) RtlUserThreadStart

========== END OF STACKTRACE ===========

A crash has been intercepted by the crash handler. For call stack and other details, see the latest crash report generated in:
 * C:/Users/Chris/AppData/Local/Temp/Unity/Editor/Crashes
