[Licensing::Module] Trying to connect to existing licensing client channel...
Built from '6000.0/staging' branch; Version is '6000.0.62f1 (f99f05b3e950) revision 16359173'; Using compiler version '193933523'; Build Type 'Release'
OS: 'Windows 11  (10.0.22631) 64bit Core' Language: 'en' Physical Memory: 48991 MB
BatchMode: 1, IsHumanControllingUs: 0, StartBugReporterOnCrash: 0, Is64bit: 1
Date: 2026-02-02T19:19:44Z
[Licensing::IpcConnector] Successfully connected to: "LicenseClient-Chris" at "2026-02-02T19:19:44.2921555Z"

COMMAND LINE ARGUMENTS:
C:\Program Files\Unity\Hub\Editor\6000.0.62f1\Editor\Unity.exe
-adb2
-batchMode
-noUpm
-name
AssetImportWorker1
-projectPath
C:/Users/Chris/Tactical Strike VR
-logFile
Logs/AssetImportWorker1.log
-srvPort
6047
-licensingIpc
LicenseClient-Chris
-job-worker-count
11
-background-job-worker-count
8
-gc-helper-count
1
-name
AssetImport
Successfully changed project path to: C:/Users/Chris/Tactical Strike VR
C:/Users/Chris/Tactical Strike VR
[UnityMemory] Configuration Parameters - Can be set up in boot.config
    "memorysetup-bucket-allocator-granularity=16"
    "memorysetup-bucket-allocator-bucket-count=8"
    "memorysetup-bucket-allocator-block-size=33554432"
    "memorysetup-bucket-allocator-block-count=8"
    "memorysetup-main-allocator-block-size=16777216"
    "memorysetup-thread-allocator-block-size=16777216"
    "memorysetup-gfx-main-allocator-block-size=16777216"
    "memorysetup-gfx-thread-allocator-block-size=16777216"
    "memorysetup-cache-allocator-block-size=4194304"
    "memorysetup-typetree-allocator-block-size=2097152"
    "memorysetup-profiler-bucket-allocator-granularity=16"
    "memorysetup-profiler-bucket-allocator-bucket-count=8"
    "memorysetup-profiler-bucket-allocator-block-size=33554432"
    "memorysetup-profiler-bucket-allocator-block-count=8"
    "memorysetup-profiler-allocator-block-size=16777216"
    "memorysetup-profiler-editor-allocator-block-size=1048576"
    "memorysetup-temp-allocator-size-main=16777216"
    "memorysetup-job-temp-allocator-block-size=2097152"
    "memorysetup-job-temp-allocator-block-size-background=1048576"
    "memorysetup-job-temp-allocator-reduction-small-platforms=262144"
    "memorysetup-allocator-temp-initial-block-size-main=262144"
    "memorysetup-allocator-temp-initial-block-size-worker=262144"
    "memorysetup-temp-allocator-size-background-worker=32768"
    "memorysetup-temp-allocator-size-job-worker=262144"
    "memorysetup-temp-allocator-size-preload-manager=33554432"
    "memorysetup-temp-allocator-size-nav-mesh-worker=65536"
    "memorysetup-temp-allocator-size-audio-worker=65536"
    "memorysetup-temp-allocator-size-cloud-worker=32768"
    "memorysetup-temp-allocator-size-gi-baking-worker=262144"
    "memorysetup-temp-allocator-size-gi-baking-worker=262144"
    "memorysetup-temp-allocator-size-gi-baking-worker=262144"
    "memorysetup-temp-allocator-size-gi-baking-worker=262144"
    "memorysetup-temp-allocator-size-gi-baking-worker=262144"
    "memorysetup-temp-allocator-size-gfx=262144"
Player connection [43440]  Target information:

Player connection [43440]  * "[IP] 192.168.68.70 [Port] 0 [Flags] 2 [Guid] 512717435 [EditorId] 512717435 [Version] 1048832 [Id] WindowsEditor(7,Chris) [Debug] 1 [PackageName] WindowsEditor [ProjectName] Editor" 

Player connection [43440] Host joined multi-casting on [225.0.0.222:54997]...
Player connection [43440] Host joined alternative multi-casting on [225.0.0.222:34997]...
JobSystem: Creating JobQueue using job-worker-count value 11
Input System module state changed to: Initialized.
[Physics::Module] Initialized fallback backend.
[Physics::Module] Id: 0xdecafbad
[Licensing::Client] Code 10 while verifying Licensing Client signature (process Id: 6820, path: "C:/Program Files/Unity Hub/UnityLicensingClient_V1/Unity.Licensing.Client.exe")
[Licensing::Module] LicensingClient has failed validation; ignoring
[Licensing::Client] Error: HandshakeResponse reported an error:
	ResponseCode: 505
	ResponseStatus: Unsupported protocol version '1.17.2'.
[Licensing::Module] Error: Failed to handshake to channel: "LicenseClient-Chris"
[Licensing::IpcConnector] LicenseClient-Chris channel disconnected successfully.
[Licensing::IpcConnector] Successfully connected to: "LicenseClient-Chris-6000.0.62" at "2026-02-02T19:19:44.3296474Z"
[Licensing::Client] Code 10 while verifying Licensing Client signature (process Id: 19376, path: "C:/Program Files/Unity/Hub/Editor/6000.0.62f1/Editor/Data/Resources/Licensing/Client/Unity.Licensing.Client.exe")
[Licensing::Module] LicensingClient has failed validation; ignoring
[Licensing::Client] Handshaking with LicensingClient:
  Version:                 1.17.2+ff71f16
  Session Id:              51a6cebf04e9496b8dbb2e4062230e70
  Correlation Id:          53b64af6d36eec93a96bb097f4d8fc3c
  External correlation Id: 3949560053130035567
  Machine Id:              rSLH9NJUuChloq5inUAd/1UfJis=
[Licensing::Module] Successfully connected to LicensingClient on channel: "LicenseClient-Chris-6000.0.62" (connect: 0.00s, validation: 0.00s, handshake: 0.01s)
[Licensing::IpcConnector] Successfully connected to: "LicenseClient-Chris-6000.0.62-notifications" at "2026-02-02T19:19:44.3441719Z"
[Licensing::Module] Licensing Background thread has ended after 0.05s
Library Redirect Path: Library/
[Physics::Module] Selected backend.
[Physics::Module] Name: PhysX
[Physics::Module] Id: 0xf2b8ea05
[Physics::Module] SDK Version: 4.1.2
[Physics::Module] Integration Version: 1.0.0
[Physics::Module] Threading Mode: Multi-Threaded
[Licensing::Client] Successfully resolved entitlement details
[Licensing::Module] License group:
  Id: 2475288780437-UnityPersXXXX
  Product: Unity Personal
  Type: Assigned
  Expiration: Unlimited
Refreshing native plugins compatible for Editor in 13.19 ms, found 14 plugins.
Preloading 1 native plugins for Editor in 0.45 ms.
Initialize engine version: 6000.0.62f1 (f99f05b3e950)
[Subsystems] Discovering subsystems at path C:/Program Files/Unity/Hub/Editor/6000.0.62f1/Editor/Data/Resources/UnitySubsystems
[Subsystems] Discovering subsystems at path C:/Users/Chris/Tactical Strike VR/Assets
GfxDevice: creating device client; kGfxThreadingModeNonThreaded
Direct3D:
    Version:  Direct3D 11.0 [level 11.1]
    Renderer: NVIDIA GeForce RTX 4060 Ti (ID=0x2803)
    Vendor:   NVIDIA
    VRAM:     7949 MB
    Driver:   32.0.15.9174
Initialize mono
Mono path[0] = 'C:/Program Files/Unity/Hub/Editor/6000.0.62f1/Editor/Data/Managed'
Mono path[1] = 'C:/Program Files/Unity/Hub/Editor/6000.0.62f1/Editor/Data/MonoBleedingEdge/lib/mono/unityjit-win32'
Mono config path = 'C:/Program Files/Unity/Hub/Editor/6000.0.62f1/Editor/Data/MonoBleedingEdge/etc'
Using monoOptions --debugger-agent=transport=dt_socket,embedding=1,server=y,suspend=n,address=127.0.0.1:56504
Begin MonoManager ReloadAssembly
Registering precompiled unity dll's ...
Register platform support module: C:/Program Files/Unity/Hub/Editor/6000.0.62f1/Editor/Data/PlaybackEngines/WindowsStandaloneSupport/UnityEditor.WindowsStandalone.Extensions.dll
Register platform support module: C:/Program Files/Unity/Hub/Editor/6000.0.62f1/Editor/Data/PlaybackEngines/AndroidPlayer/UnityEditor.Android.Extensions.dll
Registered in 0.003302 seconds.
- Loaded All Assemblies, in  0.335 seconds
Native extension for Android target not found
Android Extension - Scanning For ADB Devices 247 ms
Native extension for WindowsStandalone target not found
Mono: successfully reloaded assembly
- Finished resetting the current domain, in  0.554 seconds
Domain Reload Profiling: 887ms
	BeginReloadAssembly (106ms)
		ExecutionOrderSort (0ms)
		DisableScriptedObjects (0ms)
		BackupInstance (0ms)
		ReleaseScriptingObjects (0ms)
		CreateAndSetChildDomain (1ms)
	RebuildCommonClasses (31ms)
	RebuildNativeTypeToScriptingClass (10ms)
	initialDomainReloadingComplete (43ms)
	LoadAllAssembliesAndSetupDomain (142ms)
		LoadAssemblies (104ms)
		RebuildTransferFunctionScriptingTraits (0ms)
		AnalyzeDomain (139ms)
			TypeCache.Refresh (138ms)
				TypeCache.ScanAssembly (125ms)
			BuildScriptInfoCaches (0ms)
			ResolveRequiredComponents (1ms)
	FinalizeReload (555ms)
		ReleaseScriptCaches (0ms)
		RebuildScriptCaches (0ms)
		SetupLoadedEditorAssemblies (513ms)
			LogAssemblyErrors (0ms)
			InitializePlatformSupportModulesInManaged (320ms)
			SetLoadedEditorAssemblies (3ms)
			BeforeProcessingInitializeOnLoad (45ms)
			ProcessInitializeOnLoadAttributes (99ms)
			ProcessInitializeOnLoadMethodAttributes (46ms)
			AfterProcessingInitializeOnLoad (0ms)
			EditorAssembliesLoaded (0ms)
		ExecutionOrderSort2 (0ms)
		AwakeInstancesAfterBackupRestoration (0ms)
========================================================================
Worker process is ready to serve import requests
Import Worker Mode flag is 0x00
Begin MonoManager ReloadAssembly
[Licensing::Client] Successfully resolved entitlement details
- Loaded All Assemblies, in  0.743 seconds
Refreshing native plugins compatible for Editor in 8.88 ms, found 14 plugins.
Native extension for Android target not found
Native extension for WindowsStandalone target not found
Package Manager log level set to [2]
[Package Manager] Failed to launch server process. Reason: Unity was launched with the -noUpm command-line argument
[Package Manager] Unable to send message (not connected to server process).
[Package Manager] Cannot connect to Unity Package Manager local server
System.Reflection.TargetInvocationException: Exception has been thrown by the target of an invocation. ---> System.NullReferenceException: Object reference not set to an instance of an object
  at Unity.XR.Oculus.OculusLoader.AssetPathToAbsolutePath (System.String assetPath) [0x0003d] in .\Library\PackageCache\com.unity.xr.oculus@44578ba4bd45\Runtime\OculusLoader.cs:312 
  at Unity.XR.Oculus.OculusLoader.EditorLoadOVRPlugin () [0x0008c] in .\Library\PackageCache\com.unity.xr.oculus@44578ba4bd45\Runtime\OculusLoader.cs:297 
  at (wrapper managed-to-native) System.Reflection.RuntimeMethodInfo.InternalInvoke(System.Reflection.RuntimeMethodInfo,object,object[],System.Exception&)
  at System.Reflection.RuntimeMethodInfo.Invoke (System.Object obj, System.Reflection.BindingFlags invokeAttr, System.Reflection.Binder binder, System.Object[] parameters, System.Globalization.CultureInfo culture) [0x0006a] in <73ac12a12f9a4ebca156b41ddce95fbe>:0 
   --- End of inner exception stack trace ---
  at System.Reflection.RuntimeMethodInfo.Invoke (System.Object obj, System.Reflection.BindingFlags invokeAttr, System.Reflection.Binder binder, System.Object[] parameters, System.Globalization.CultureInfo culture) [0x00083] in <73ac12a12f9a4ebca156b41ddce95fbe>:0 
  at System.Reflection.MethodBase.Invoke (System.Object obj, System.Object[] parameters) [0x00000] in <73ac12a12f9a4ebca156b41ddce95fbe>:0 
  at UnityEditor.EditorAssemblies.ProcessInitializeOnLoadMethodAttributes () [0x00056] in <cd9b23508c04492a9e7051cbb9076578>:0 
UnityEngine.Debug:ExtractStackTraceNoAlloc (byte*,int,string)
UnityEngine.StackTraceUtility:ExtractStackTrace ()
UnityEngine.DebugLogHandler:Internal_Log (UnityEngine.LogType,UnityEngine.LogOption,string,UnityEngine.Object)
UnityEngine.DebugLogHandler:LogFormat (UnityEngine.LogType,UnityEngine.Object,string,object[])
UnityEngine.Logger:Log (UnityEngine.LogType,object)
UnityEngine.Debug:LogError (object)
UnityEditor.EditorAssemblies:ProcessInitializeOnLoadMethodAttributes ()

Mono: successfully reloaded assembly
[Package Manager] Failed to launch server process. Reason: Unity was launched with the -noUpm command-line argument
[Package Manager] Unable to send message (not connected to server process).
[Package Manager] Cannot connect to Unity Package Manager local server
[Package Manager] Failed to launch server process. Reason: Unity was launched with the -noUpm command-line argument
[Package Manager] Unable to send message (not connected to server process).
[Package Manager] Cannot connect to Unity Package Manager local server
- Finished resetting the current domain, in  0.773 seconds
Domain Reload Profiling: 1511ms
	BeginReloadAssembly (161ms)
		ExecutionOrderSort (0ms)
		DisableScriptedObjects (6ms)
		BackupInstance (0ms)
		ReleaseScriptingObjects (0ms)
		CreateAndSetChildDomain (25ms)
	RebuildCommonClasses (31ms)
	RebuildNativeTypeToScriptingClass (9ms)
	initialDomainReloadingComplete (33ms)
	LoadAllAssembliesAndSetupDomain (504ms)
		LoadAssemblies (318ms)
		RebuildTransferFunctionScriptingTraits (0ms)
		AnalyzeDomain (273ms)
			TypeCache.Refresh (212ms)
				TypeCache.ScanAssembly (193ms)
			BuildScriptInfoCaches (50ms)
			ResolveRequiredComponents (9ms)
	FinalizeReload (774ms)
		ReleaseScriptCaches (0ms)
		RebuildScriptCaches (0ms)
		SetupLoadedEditorAssemblies (657ms)
			LogAssemblyErrors (0ms)
			InitializePlatformSupportModulesInManaged (10ms)
			SetLoadedEditorAssemblies (3ms)
			BeforeProcessingInitializeOnLoad (97ms)
			ProcessInitializeOnLoadAttributes (452ms)
			ProcessInitializeOnLoadMethodAttributes (92ms)
			AfterProcessingInitializeOnLoad (4ms)
			EditorAssembliesLoaded (0ms)
		ExecutionOrderSort2 (0ms)
		AwakeInstancesAfterBackupRestoration (6ms)
WARNING: Shader Unsupported: 'Hidden/Simulation/URP/Synthetic' - All subshaders removed
WARNING: Shader Did you use #pragma only_renderers and omit this platform?
WARNING: Shader If subshaders removal was intentional, you may have forgotten turning Fallback off?
WARNING: Shader Unsupported: 'Hidden/Simulation/URP/Synthetic' - All subshaders removed
WARNING: Shader Did you use #pragma only_renderers and omit this platform?
WARNING: Shader If subshaders removal was intentional, you may have forgotten turning Fallback off?
WARNING: Shader Unsupported: 'Hidden/Simulation/Synthetic Lit' - All subshaders removed
WARNING: Shader Did you use #pragma only_renderers and omit this platform?
WARNING: Shader If subshaders removal was intentional, you may have forgotten turning Fallback off?
WARNING: Shader Unsupported: 'Hidden/Simulation/Synthetic Lit' - All subshaders removed
WARNING: Shader Did you use #pragma only_renderers and omit this platform?
WARNING: Shader If subshaders removal was intentional, you may have forgotten turning Fallback off?
WARNING: Shader Unsupported: 'Simulation/Standard Lit' - All subshaders removed
WARNING: Shader Did you use #pragma only_renderers and omit this platform?
WARNING: Shader If subshaders removal was intentional, you may have forgotten turning Fallback off?
WARNING: Shader Unsupported: 'Simulation/Standard Lit' - All subshaders removed
WARNING: Shader Did you use #pragma only_renderers and omit this platform?
WARNING: Shader If subshaders removal was intentional, you may have forgotten turning Fallback off?
WARNING: Shader Unsupported: 'Simulation/URP/Lit' - All subshaders removed
WARNING: Shader Did you use #pragma only_renderers and omit this platform?
WARNING: Shader If subshaders removal was intentional, you may have forgotten turning Fallback off?
WARNING: Shader Unsupported: 'Simulation/URP/Lit' - All subshaders removed
WARNING: Shader Did you use #pragma only_renderers and omit this platform?
WARNING: Shader If subshaders removal was intentional, you may have forgotten turning Fallback off?
WARNING: Shader Unsupported: 'Simulation/URP/Room X-Ray' - All subshaders removed
WARNING: Shader Did you use #pragma only_renderers and omit this platform?
WARNING: Shader If subshaders removal was intentional, you may have forgotten turning Fallback off?
WARNING: Shader Unsupported: 'Simulation/URP/Room X-Ray' - All subshaders removed
WARNING: Shader Did you use #pragma only_renderers and omit this platform?
WARNING: Shader If subshaders removal was intentional, you may have forgotten turning Fallback off?
WARNING: Shader Unsupported: 'Simulation/Room X-Ray' - All subshaders removed
WARNING: Shader Did you use #pragma only_renderers and omit this platform?
WARNING: Shader If subshaders removal was intentional, you may have forgotten turning Fallback off?
WARNING: Shader Unsupported: 'Simulation/Room X-Ray' - All subshaders removed
WARNING: Shader Did you use #pragma only_renderers and omit this platform?
WARNING: Shader If subshaders removal was intentional, you may have forgotten turning Fallback off?
Launched and connected shader compiler UnityShaderCompiler.exe after 0.01 seconds
Refreshing native plugins compatible for Editor in 11.94 ms, found 14 plugins.
Preloading 1 native plugins for Editor in 0.06 ms.
Unloading 38 Unused Serialized files (Serialized files now loaded: 0)
Unloading 7614 unused Assets / (8.5 MB). Loaded Objects now: 8148.
Memory consumption went from 141.2 MB to 132.8 MB.
Total: 9.673900 ms (FindLiveObjects: 0.595200 ms CreateObjectMapping: 0.369000 ms MarkObjects: 4.871600 ms  DeleteObjects: 3.836400 ms)

========================================================================
Received Import Request.
  Time since last request: 85458.131699 seconds.
  path: Assets/Bublik/Simple Modular Castle Assets
  artifactKey: Guid(9db5686663ae84a4a979a4e2d23d6004) Importer(815301076,1909f56bfc062723c751e8b465ee728b)
Start importing Assets/Bublik/Simple Modular Castle Assets using Guid(9db5686663ae84a4a979a4e2d23d6004) Importer(815301076,1909f56bfc062723c751e8b465ee728b) (PreviewImporter) -> (artifact id: 'a1e534fdb65e553d33304b4d7ed370f7') in 0.0060419 seconds
Number of updated asset objects reloaded before import = 0Number of asset objects unloaded after import = 0

========================================================================
Received Import Request.
  Time since last request: 0.000016 seconds.
  path: Assets/Prefabs/Stone_Tower Variant.prefab
  artifactKey: Guid(f7b398ae8036d3b4889493f6149ad6c2) Importer(815301076,1909f56bfc062723c751e8b465ee728b)
Start importing Assets/Prefabs/Stone_Tower Variant.prefab using Guid(f7b398ae8036d3b4889493f6149ad6c2) Importer(815301076,1909f56bfc062723c751e8b465ee728b) (PreviewImporter)Material 'Gray_Gradient' with Shader 'Simulation/URP/Lit' doesn't have a float or range property '_Mode'
UnityEngine.Debug:ExtractStackTraceNoAlloc (byte*,int,string)
UnityEngine.StackTraceUtility:ExtractStackTrace ()
UnityEngine.Material:GetFloatImpl (int)
UnityEngine.Material:GetFloat (string)
UnityEditor.XR.Simulation.Rendering.MaterialInspector:SyncWithLegacyValues (UnityEngine.Material) (at ./Library/PackageCache/com.unity.xr.arfoundation@632379b1f7b5/Editor/Simulation/Rendering/MaterialInspector.cs:191)
UnityEditor.XR.Simulation.Rendering.MaterialInspector:ValidateMaterial (UnityEngine.Material) (at ./Library/PackageCache/com.unity.xr.arfoundation@632379b1f7b5/Editor/Simulation/Rendering/MaterialInspector.cs:54)
UnityEditor.ShaderGUIUtility:ValidateMaterial (UnityEngine.Material)
UnityEngine.Camera:Render ()
UnityEditor.PreviewRenderUtility:Render (bool,bool)
UnityEditor.GameObjectInspector:DoRenderPreview (UnityEditor.GameObjectInspector/PreviewData)
UnityEditor.GameObjectInspector:RenderStaticPreview (string,UnityEngine.Object[],int,int)
UnityEditor.AssetPreviewUpdater:CreatePreview (UnityEngine.Object,UnityEngine.Object[],string,int,int)
UnityEditor.AssetPreviewUpdater:CreatePreviewForAsset (UnityEngine.Object,UnityEngine.Object[],string)

[./Library/PackageCache/com.unity.xr.arfoundation@632379b1f7b5/Editor/Simulation/Rendering/MaterialInspector.cs line 191]

Material 'Gray_Gradient' with Shader 'Simulation/URP/Lit' doesn't have a float or range property '_Mode'
UnityEngine.Debug:ExtractStackTraceNoAlloc (byte*,int,string)
UnityEngine.StackTraceUtility:ExtractStackTrace ()
UnityEngine.Material:GetFloatImpl (int)
UnityEngine.Material:GetFloat (string)
UnityEditor.XR.Simulation.Rendering.MaterialInspector:SyncWithLegacyValues (UnityEngine.Material) (at ./Library/PackageCache/com.unity.xr.arfoundation@632379b1f7b5/Editor/Simulation/Rendering/MaterialInspector.cs:194)
UnityEditor.XR.Simulation.Rendering.MaterialInspector:ValidateMaterial (UnityEngine.Material) (at ./Library/PackageCache/com.unity.xr.arfoundation@632379b1f7b5/Editor/Simulation/Rendering/MaterialInspector.cs:54)
UnityEditor.ShaderGUIUtility:ValidateMaterial (UnityEngine.Material)
UnityEngine.Camera:Render ()
UnityEditor.PreviewRenderUtility:Render (bool,bool)
UnityEditor.GameObjectInspector:DoRenderPreview (UnityEditor.GameObjectInspector/PreviewData)
UnityEditor.GameObjectInspector:RenderStaticPreview (string,UnityEngine.Object[],int,int)
UnityEditor.AssetPreviewUpdater:CreatePreview (UnityEngine.Object,UnityEngine.Object[],string,int,int)
UnityEditor.AssetPreviewUpdater:CreatePreviewForAsset (UnityEngine.Object,UnityEngine.Object[],string)

[./Library/PackageCache/com.unity.xr.arfoundation@632379b1f7b5/Editor/Simulation/Rendering/MaterialInspector.cs line 194]

Material 'Color' with Shader 'Simulation/URP/Lit' doesn't have a float or range property '_Mode'
UnityEngine.Debug:ExtractStackTraceNoAlloc (byte*,int,string)
UnityEngine.StackTraceUtility:ExtractStackTrace ()
UnityEngine.Material:GetFloatImpl (int)
UnityEngine.Material:GetFloat (string)
UnityEditor.XR.Simulation.Rendering.MaterialInspector:SyncWithLegacyValues (UnityEngine.Material) (at ./Library/PackageCache/com.unity.xr.arfoundation@632379b1f7b5/Editor/Simulation/Rendering/MaterialInspector.cs:191)
UnityEditor.XR.Simulation.Rendering.MaterialInspector:ValidateMaterial (UnityEngine.Material) (at ./Library/PackageCache/com.unity.xr.arfoundation@632379b1f7b5/Editor/Simulation/Rendering/MaterialInspector.cs:54)
UnityEditor.ShaderGUIUtility:ValidateMaterial (UnityEngine.Material)
UnityEngine.Camera:Render ()
UnityEditor.PreviewRenderUtility:Render (bool,bool)
UnityEditor.GameObjectInspector:DoRenderPreview (UnityEditor.GameObjectInspector/PreviewData)
UnityEditor.GameObjectInspector:RenderStaticPreview (string,UnityEngine.Object[],int,int)
UnityEditor.AssetPreviewUpdater:CreatePreview (UnityEngine.Object,UnityEngine.Object[],string,int,int)
UnityEditor.AssetPreviewUpdater:CreatePreviewForAsset (UnityEngine.Object,UnityEngine.Object[],string)

[./Library/PackageCache/com.unity.xr.arfoundation@632379b1f7b5/Editor/Simulation/Rendering/MaterialInspector.cs line 191]

Material 'Color' with Shader 'Simulation/URP/Lit' doesn't have a float or range property '_Mode'
UnityEngine.Debug:ExtractStackTraceNoAlloc (byte*,int,string)
UnityEngine.StackTraceUtility:ExtractStackTrace ()
UnityEngine.Material:GetFloatImpl (int)
UnityEngine.Material:GetFloat (string)
UnityEditor.XR.Simulation.Rendering.MaterialInspector:SyncWithLegacyValues (UnityEngine.Material) (at ./Library/PackageCache/com.unity.xr.arfoundation@632379b1f7b5/Editor/Simulation/Rendering/MaterialInspector.cs:194)
UnityEditor.XR.Simulation.Rendering.MaterialInspector:ValidateMaterial (UnityEngine.Material) (at ./Library/PackageCache/com.unity.xr.arfoundation@632379b1f7b5/Editor/Simulation/Rendering/MaterialInspector.cs:54)
UnityEditor.ShaderGUIUtility:ValidateMaterial (UnityEngine.Material)
UnityEngine.Camera:Render ()
UnityEditor.PreviewRenderUtility:Render (bool,bool)
UnityEditor.GameObjectInspector:DoRenderPreview (UnityEditor.GameObjectInspector/PreviewData)
UnityEditor.GameObjectInspector:RenderStaticPreview (string,UnityEngine.Object[],int,int)
UnityEditor.AssetPreviewUpdater:CreatePreview (UnityEngine.Object,UnityEngine.Object[],string,int,int)
UnityEditor.AssetPreviewUpdater:CreatePreviewForAsset (UnityEngine.Object,UnityEngine.Object[],string)

[./Library/PackageCache/com.unity.xr.arfoundation@632379b1f7b5/Editor/Simulation/Rendering/MaterialInspector.cs line 194]

 -> (artifact id: '9154269ecd2ddd10e69a7cabdba67bf6') in 0.2463911 seconds
Number of updated asset objects reloaded before import = 0Number of asset objects unloaded after import = 19

========================================================================
Received Import Request.
  Time since last request: 1.419199 seconds.
  path: Assets/Bublik/Simple Modular Castle Assets/Textures/Stone_texture.png
  artifactKey: Guid(4761ce5daed960040af277a7d6078c7a) Importer(815301076,1909f56bfc062723c751e8b465ee728b)
Start importing Assets/Bublik/Simple Modular Castle Assets/Textures/Stone_texture.png using Guid(4761ce5daed960040af277a7d6078c7a) Importer(815301076,1909f56bfc062723c751e8b465ee728b) (PreviewImporter) -> (artifact id: '58a4dc54f2292a2c035e225382b42783') in 0.0377553 seconds
Number of updated asset objects reloaded before import = 0Number of asset objects unloaded after import = 2

========================================================================
Received Import Request.
  Time since last request: 22.435456 seconds.
  path: Assets/Bublik/Simple Modular Castle Assets/Materials/URP/Gray_Gradient.mat
  artifactKey: Guid(12e6736748c72764eab06c9887c80bb8) Importer(815301076,1909f56bfc062723c751e8b465ee728b)
Start importing Assets/Bublik/Simple Modular Castle Assets/Materials/URP/Gray_Gradient.mat using Guid(12e6736748c72764eab06c9887c80bb8) Importer(815301076,1909f56bfc062723c751e8b465ee728b) (PreviewImporter)Material 'Gray_Gradient' with Shader 'Simulation/URP/Lit' doesn't have a float or range property '_Mode'
UnityEngine.Debug:ExtractStackTraceNoAlloc (byte*,int,string)
UnityEngine.StackTraceUtility:ExtractStackTrace ()
UnityEngine.Material:GetFloatImpl (int)
UnityEngine.Material:GetFloat (string)
UnityEditor.XR.Simulation.Rendering.MaterialInspector:SyncWithLegacyValues (UnityEngine.Material) (at ./Library/PackageCache/com.unity.xr.arfoundation@632379b1f7b5/Editor/Simulation/Rendering/MaterialInspector.cs:191)
UnityEditor.XR.Simulation.Rendering.MaterialInspector:ValidateMaterial (UnityEngine.Material) (at ./Library/PackageCache/com.unity.xr.arfoundation@632379b1f7b5/Editor/Simulation/Rendering/MaterialInspector.cs:54)
UnityEditor.ShaderGUIUtility:ValidateMaterial (UnityEngine.Material)
UnityEngine.Camera:Render ()
UnityEditor.PreviewRenderUtility:Render (bool,bool)
UnityEditor.MaterialEditor:DoRenderPreview (UnityEditor.PreviewRenderUtility,bool)
UnityEditor.MaterialEditor:RenderStaticPreview (string,UnityEngine.Object[],int,int)
UnityEditor.AssetPreviewUpdater:CreatePreview (UnityEngine.Object,UnityEngine.Object[],string,int,int)
UnityEditor.AssetPreviewUpdater:CreatePreviewForAsset (UnityEngine.Object,UnityEngine.Object[],string)

[./Library/PackageCache/com.unity.xr.arfoundation@632379b1f7b5/Editor/Simulation/Rendering/MaterialInspector.cs line 191]

Material 'Gray_Gradient' with Shader 'Simulation/URP/Lit' doesn't have a float or range property '_Mode'
UnityEngine.Debug:ExtractStackTraceNoAlloc (byte*,int,string)
UnityEngine.StackTraceUtility:ExtractStackTrace ()
UnityEngine.Material:GetFloatImpl (int)
UnityEngine.Material:GetFloat (string)
UnityEditor.XR.Simulation.Rendering.MaterialInspector:SyncWithLegacyValues (UnityEngine.Material) (at ./Library/PackageCache/com.unity.xr.arfoundation@632379b1f7b5/Editor/Simulation/Rendering/MaterialInspector.cs:194)
UnityEditor.XR.Simulation.Rendering.MaterialInspector:ValidateMaterial (UnityEngine.Material) (at ./Library/PackageCache/com.unity.xr.arfoundation@632379b1f7b5/Editor/Simulation/Rendering/MaterialInspector.cs:54)
UnityEditor.ShaderGUIUtility:ValidateMaterial (UnityEngine.Material)
UnityEngine.Camera:Render ()
UnityEditor.PreviewRenderUtility:Render (bool,bool)
UnityEditor.MaterialEditor:DoRenderPreview (UnityEditor.PreviewRenderUtility,bool)
UnityEditor.MaterialEditor:RenderStaticPreview (string,UnityEngine.Object[],int,int)
UnityEditor.AssetPreviewUpdater:CreatePreview (UnityEngine.Object,UnityEngine.Object[],string,int,int)
UnityEditor.AssetPreviewUpdater:CreatePreviewForAsset (UnityEngine.Object,UnityEngine.Object[],string)

[./Library/PackageCache/com.unity.xr.arfoundation@632379b1f7b5/Editor/Simulation/Rendering/MaterialInspector.cs line 194]

 -> (artifact id: '86e50a7df9f305aabd6df617a066391b') in 0.0602412 seconds
Number of updated asset objects reloaded before import = 0Number of asset objects unloaded after import = 3

========================================================================
Received Import Request.
  Time since last request: 30.422168 seconds.
  path: Assets/Bublik/Simple Modular Castle Assets/Materials/HDRP/Gray_Gradient.mat
  artifactKey: Guid(b087276077c48eb4f8244bc3874b464b) Importer(815301076,1909f56bfc062723c751e8b465ee728b)
Start importing Assets/Bublik/Simple Modular Castle Assets/Materials/HDRP/Gray_Gradient.mat using Guid(b087276077c48eb4f8244bc3874b464b) Importer(815301076,1909f56bfc062723c751e8b465ee728b) (PreviewImporter) -> (artifact id: 'f4e11fbd28c7eb7adf3fbafa23d246aa') in 0.0311476 seconds
Number of updated asset objects reloaded before import = 0Number of asset objects unloaded after import = 3

========================================================================
Received Import Request.
  Time since last request: 0.437707 seconds.
  path: Assets/Bublik/Simple Modular Castle Assets/Materials/Built-in/Gray_Gradient.mat
  artifactKey: Guid(d63caf4441cd1d5419639edf057bc9e9) Importer(815301076,1909f56bfc062723c751e8b465ee728b)
Start importing Assets/Bublik/Simple Modular Castle Assets/Materials/Built-in/Gray_Gradient.mat using Guid(d63caf4441cd1d5419639edf057bc9e9) Importer(815301076,1909f56bfc062723c751e8b465ee728b) (PreviewImporter) -> (artifact id: 'a64b50411e9f2a07df8e5db54e20015a') in 0.294844 seconds
Number of updated asset objects reloaded before import = 0Number of asset objects unloaded after import = 3

